# JRE version: OpenJDK Runtime Environment (8.0_242-b01) (build 1.8.0_242-release-1644-b01)
# Java VM: OpenJDK 64-Bit Server VM (25.242-b01 mixed mode windows-amd64 compressed oops)
Heap:
 PSYoungGen      total 183296K, used 19075K [0x00000000d5580000, 0x00000000e1800000, 0x0000000100000000)
  eden space 167936K, 11% used [0x00000000d5580000,0x00000000d6820da8,0x00000000df980000)
  from space 15360K, 0% used [0x00000000dfa00000,0x00000000dfa00000,0x00000000e0900000)
  to   space 12800K, 0% used [0x00000000e0b80000,0x00000000e0b80000,0x00000000e1800000)
 ParOldGen       total 114688K, used 36087K [0x0000000080000000, 0x0000000087000000, 0x00000000d5580000)
  object space 114688K, 31% used [0x0000000080000000,0x000000008233de50,0x0000000087000000)
 Metaspace       used 57754K, capacity 59850K, committed 60200K, reserved 1101824K
  class space    used 7957K, capacity 8432K, committed 8496K, reserved 1048576K
GC Heap History (10 events):
Event: 5.303 GC heap before
{Heap before GC invocations=10 (full 1):
 PSYoungGen      total 125952K, used 122300K [0x00000000d5580000, 0x00000000de600000, 0x0000000100000000)
  eden space 117760K, 96% used [0x00000000d5580000,0x00000000dc4f58f0,0x00000000dc880000)
  from space 8192K, 99% used [0x00000000dde00000,0x00000000de5f9a70,0x00000000de600000)
  to   space 11264K, 0% used [0x00000000dd000000,0x00000000dd000000,0x00000000ddb00000)
 ParOldGen       total 49664K, used 7495K [0x0000000080000000, 0x0000000083080000, 0x00000000d5580000)
  object space 49664K, 15% used [0x0000000080000000,0x0000000080751d10,0x0000000083080000)
 Metaspace       used 34509K, capacity 35442K, committed 35496K, reserved 1079296K
  class space    used 4737K, capacity 5006K, committed 5040K, reserved 1048576K
Event: 5.313 GC heap after
Heap after GC invocations=10 (full 1):
 PSYoungGen      total 136704K, used 11251K [0x00000000d5580000, 0x00000000e1800000, 0x0000000100000000)
  eden space 125440K, 0% used [0x00000000d5580000,0x00000000d5580000,0x00000000dd000000)
  from space 11264K, 99% used [0x00000000dd000000,0x00000000ddafcf78,0x00000000ddb00000)
  to   space 12800K, 0% used [0x00000000e0b80000,0x00000000e0b80000,0x00000000e1800000)
 ParOldGen       total 49664K, used 7858K [0x0000000080000000, 0x0000000083080000, 0x00000000d5580000)
  object space 49664K, 15% used [0x0000000080000000,0x00000000807acbe8,0x0000000083080000)
 Metaspace       used 34509K, capacity 35442K, committed 35496K, reserved 1079296K
  class space    used 4737K, capacity 5006K, committed 5040K, reserved 1048576K
}
Event: 5.313 GC heap before
{Heap before GC invocations=11 (full 2):
 PSYoungGen      total 136704K, used 11251K [0x00000000d5580000, 0x00000000e1800000, 0x0000000100000000)
  eden space 125440K, 0% used [0x00000000d5580000,0x00000000d5580000,0x00000000dd000000)
  from space 11264K, 99% used [0x00000000dd000000,0x00000000ddafcf78,0x00000000ddb00000)
  to   space 12800K, 0% used [0x00000000e0b80000,0x00000000e0b80000,0x00000000e1800000)
 ParOldGen       total 49664K, used 7858K [0x0000000080000000, 0x0000000083080000, 0x00000000d5580000)
  object space 49664K, 15% used [0x0000000080000000,0x00000000807acbe8,0x0000000083080000)
 Metaspace       used 34509K, capacity 35442K, committed 35496K, reserved 1079296K
  class space    used 4737K, capacity 5006K, committed 5040K, reserved 1048576K
Event: 5.372 GC heap after
Heap after GC invocations=11 (full 2):
 PSYoungGen      total 136704K, used 0K [0x00000000d5580000, 0x00000000e1800000, 0x0000000100000000)
  eden space 125440K, 0% used [0x00000000d5580000,0x00000000d5580000,0x00000000dd000000)
  from space 11264K, 0% used [0x00000000dd000000,0x00000000dd000000,0x00000000ddb00000)
  to   space 12800K, 0% used [0x00000000e0b80000,0x00000000e0b80000,0x00000000e1800000)
 ParOldGen       total 75776K, used 18243K [0x0000000080000000, 0x0000000084a00000, 0x00000000d5580000)
  object space 75776K, 24% used [0x0000000080000000,0x00000000811d0ca8,0x0000000084a00000)
 Metaspace       used 34509K, capacity 35442K, committed 35496K, reserved 1079296K
  class space    used 4737K, capacity 5006K, committed 5040K, reserved 1048576K
}
Event: 7.131 GC heap before
{Heap before GC invocations=12 (full 2):
 PSYoungGen      total 136704K, used 125440K [0x00000000d5580000, 0x00000000e1800000, 0x0000000100000000)
  eden space 125440K, 100% used [0x00000000d5580000,0x00000000dd000000,0x00000000dd000000)
  from space 11264K, 0% used [0x00000000dd000000,0x00000000dd000000,0x00000000ddb00000)
  to   space 12800K, 0% used [0x00000000e0b80000,0x00000000e0b80000,0x00000000e1800000)
 ParOldGen       total 75776K, used 18243K [0x0000000080000000, 0x0000000084a00000, 0x00000000d5580000)
  object space 75776K, 24% used [0x0000000080000000,0x00000000811d0ca8,0x0000000084a00000)
 Metaspace       used 44956K, capacity 46464K, committed 46632K, reserved 1089536K
  class space    used 6088K, capacity 6432K, committed 6448K, reserved 1048576K
Event: 7.151 GC heap after
Heap after GC invocations=12 (full 2):
 PSYoungGen      total 180736K, used 12780K [0x00000000d5580000, 0x00000000e1800000, 0x0000000100000000)
  eden space 167936K, 0% used [0x00000000d5580000,0x00000000d5580000,0x00000000df980000)
  from space 12800K, 99% used [0x00000000e0b80000,0x00000000e17fb290,0x00000000e1800000)
  to   space 15360K, 0% used [0x00000000dfa00000,0x00000000dfa00000,0x00000000e0900000)
 ParOldGen       total 75776K, used 20417K [0x0000000080000000, 0x0000000084a00000, 0x00000000d5580000)
  object space 75776K, 26% used [0x0000000080000000,0x00000000813f05d8,0x0000000084a00000)
 Metaspace       used 44956K, capacity 46464K, committed 46632K, reserved 1089536K
  class space    used 6088K, capacity 6432K, committed 6448K, reserved 1048576K
}
Event: 8.954 GC heap before
{Heap before GC invocations=13 (full 2):
 PSYoungGen      total 180736K, used 154218K [0x00000000d5580000, 0x00000000e1800000, 0x0000000100000000)
  eden space 167936K, 84% used [0x00000000d5580000,0x00000000ddf9f640,0x00000000df980000)
  from space 12800K, 99% used [0x00000000e0b80000,0x00000000e17fb290,0x00000000e1800000)
  to   space 15360K, 0% used [0x00000000dfa00000,0x00000000dfa00000,0x00000000e0900000)
 ParOldGen       total 75776K, used 20417K [0x0000000080000000, 0x0000000084a00000, 0x00000000d5580000)
  object space 75776K, 26% used [0x0000000080000000,0x00000000813f05d8,0x0000000084a00000)
 Metaspace       used 56983K, capacity 59036K, committed 59160K, reserved 1099776K
  class space    used 7814K, capacity 8287K, committed 8368K, reserved 1048576K
Event: 8.981 GC heap after
Heap after GC invocations=13 (full 2):
 PSYoungGen      total 183296K, used 15349K [0x00000000d5580000, 0x00000000e1800000, 0x0000000100000000)
  eden space 167936K, 0% used [0x00000000d5580000,0x00000000d5580000,0x00000000df980000)
  from space 15360K, 99% used [0x00000000dfa00000,0x00000000e08fd5c8,0x00000000e0900000)
  to   space 12800K, 0% used [0x00000000e0b80000,0x00000000e0b80000,0x00000000e1800000)
 ParOldGen       total 75776K, used 29278K [0x0000000080000000, 0x0000000084a00000, 0x00000000d5580000)
  object space 75776K, 38% used [0x0000000080000000,0x0000000081c979a0,0x0000000084a00000)
 Metaspace       used 56983K, capacity 59036K, committed 59160K, reserved 1099776K
  class space    used 7814K, capacity 8287K, committed 8368K, reserved 1048576K
}
Event: 8.981 GC heap before
{Heap before GC invocations=14 (full 3):
 PSYoungGen      total 183296K, used 15349K [0x00000000d5580000, 0x00000000e1800000, 0x0000000100000000)
  eden space 167936K, 0% used [0x00000000d5580000,0x00000000d5580000,0x00000000df980000)
  from space 15360K, 99% used [0x00000000dfa00000,0x00000000e08fd5c8,0x00000000e0900000)
  to   space 12800K, 0% used [0x00000000e0b80000,0x00000000e0b80000,0x00000000e1800000)
 ParOldGen       total 75776K, used 29278K [0x0000000080000000, 0x0000000084a00000, 0x00000000d5580000)
  object space 75776K, 38% used [0x0000000080000000,0x0000000081c979a0,0x0000000084a00000)
 Metaspace       used 56983K, capacity 59036K, committed 59160K, reserved 1099776K
  class space    used 7814K, capacity 8287K, committed 8368K, reserved 1048576K
Event: 9.176 GC heap after
Heap after GC invocations=14 (full 3):
 PSYoungGen      total 183296K, used 0K [0x00000000d5580000, 0x00000000e1800000, 0x0000000100000000)
  eden space 167936K, 0% used [0x00000000d5580000,0x00000000d5580000,0x00000000df980000)
  from space 15360K, 0% used [0x00000000dfa00000,0x00000000dfa00000,0x00000000e0900000)
  to   space 12800K, 0% used [0x00000000e0b80000,0x00000000e0b80000,0x00000000e1800000)
 ParOldGen       total 114688K, used 36087K [0x0000000080000000, 0x0000000087000000, 0x00000000d5580000)
  object space 114688K, 31% used [0x0000000080000000,0x000000008233de50,0x0000000087000000)
 Metaspace       used 56956K, capacity 58940K, committed 59160K, reserved 1099776K
  class space    used 7805K, capacity 8271K, committed 8368K, reserved 1048576K
}

