# JRE version: OpenJDK Runtime Environment (8.0_242-b01) (build 1.8.0_242-release-1644-b01)
# Java VM: OpenJDK 64-Bit Server VM (25.242-b01 mixed mode windows-amd64 compressed oops)
Heap:
 PSYoungGen      total 177664K, used 42484K [0x00000000d5580000, 0x00000000e4480000, 0x0000000100000000)
  eden space 162304K, 26% used [0x00000000d5580000,0x00000000d7efd270,0x00000000df400000)
  from space 15360K, 0% used [0x00000000df400000,0x00000000df400000,0x00000000e0300000)
  to   space 20480K, 0% used [0x00000000e3080000,0x00000000e3080000,0x00000000e4480000)
 ParOldGen       total 123392K, used 36175K [0x0000000080000000, 0x0000000087880000, 0x00000000d5580000)
  object space 123392K, 29% used [0x0000000080000000,0x0000000082353da8,0x0000000087880000)
 Metaspace       used 58882K, capacity 61026K, committed 61104K, reserved 1101824K
  class space    used 8108K, capacity 8564K, committed 8624K, reserved 1048576K
GC Heap History (10 events):
Event: 4.996 GC heap before
{Heap before GC invocations=10 (full 1):
 PSYoungGen      total 123392K, used 121716K [0x00000000d5580000, 0x00000000de600000, 0x0000000100000000)
  eden space 115200K, 98% used [0x00000000d5580000,0x00000000dc46ca18,0x00000000dc600000)
  from space 8192K, 99% used [0x00000000dde00000,0x00000000de5f0708,0x00000000de600000)
  to   space 11264K, 0% used [0x00000000dd000000,0x00000000dd000000,0x00000000ddb00000)
 ParOldGen       total 50688K, used 7496K [0x0000000080000000, 0x0000000083180000, 0x00000000d5580000)
  object space 50688K, 14% used [0x0000000080000000,0x0000000080752300,0x0000000083180000)
 Metaspace       used 34507K, capacity 35442K, committed 35496K, reserved 1079296K
  class space    used 4736K, capacity 5006K, committed 5040K, reserved 1048576K
Event: 5.008 GC heap after
Heap after GC invocations=10 (full 1):
 PSYoungGen      total 136704K, used 11233K [0x00000000d5580000, 0x00000000e1200000, 0x0000000100000000)
  eden space 125440K, 0% used [0x00000000d5580000,0x00000000d5580000,0x00000000dd000000)
  from space 11264K, 99% used [0x00000000dd000000,0x00000000ddaf8778,0x00000000ddb00000)
  to   space 12800K, 0% used [0x00000000e0580000,0x00000000e0580000,0x00000000e1200000)
 ParOldGen       total 50688K, used 7905K [0x0000000080000000, 0x0000000083180000, 0x00000000d5580000)
  object space 50688K, 15% used [0x0000000080000000,0x00000000807b8680,0x0000000083180000)
 Metaspace       used 34507K, capacity 35442K, committed 35496K, reserved 1079296K
  class space    used 4736K, capacity 5006K, committed 5040K, reserved 1048576K
}
Event: 5.008 GC heap before
{Heap before GC invocations=11 (full 2):
 PSYoungGen      total 136704K, used 11233K [0x00000000d5580000, 0x00000000e1200000, 0x0000000100000000)
  eden space 125440K, 0% used [0x00000000d5580000,0x00000000d5580000,0x00000000dd000000)
  from space 11264K, 99% used [0x00000000dd000000,0x00000000ddaf8778,0x00000000ddb00000)
  to   space 12800K, 0% used [0x00000000e0580000,0x00000000e0580000,0x00000000e1200000)
 ParOldGen       total 50688K, used 7905K [0x0000000080000000, 0x0000000083180000, 0x00000000d5580000)
  object space 50688K, 15% used [0x0000000080000000,0x00000000807b8680,0x0000000083180000)
 Metaspace       used 34507K, capacity 35442K, committed 35496K, reserved 1079296K
  class space    used 4736K, capacity 5006K, committed 5040K, reserved 1048576K
Event: 5.080 GC heap after
Heap after GC invocations=11 (full 2):
 PSYoungGen      total 136704K, used 0K [0x00000000d5580000, 0x00000000e1200000, 0x0000000100000000)
  eden space 125440K, 0% used [0x00000000d5580000,0x00000000d5580000,0x00000000dd000000)
  from space 11264K, 0% used [0x00000000dd000000,0x00000000dd000000,0x00000000ddb00000)
  to   space 12800K, 0% used [0x00000000e0580000,0x00000000e0580000,0x00000000e1200000)
 ParOldGen       total 80896K, used 18244K [0x0000000080000000, 0x0000000084f00000, 0x00000000d5580000)
  object space 80896K, 22% used [0x0000000080000000,0x00000000811d12e8,0x0000000084f00000)
 Metaspace       used 34507K, capacity 35442K, committed 35496K, reserved 1079296K
  class space    used 4736K, capacity 5006K, committed 5040K, reserved 1048576K
}
Event: 6.659 GC heap before
{Heap before GC invocations=12 (full 2):
 PSYoungGen      total 136704K, used 125440K [0x00000000d5580000, 0x00000000e1200000, 0x0000000100000000)
  eden space 125440K, 100% used [0x00000000d5580000,0x00000000dd000000,0x00000000dd000000)
  from space 11264K, 0% used [0x00000000dd000000,0x00000000dd000000,0x00000000ddb00000)
  to   space 12800K, 0% used [0x00000000e0580000,0x00000000e0580000,0x00000000e1200000)
 ParOldGen       total 80896K, used 18244K [0x0000000080000000, 0x0000000084f00000, 0x00000000d5580000)
  object space 80896K, 22% used [0x0000000080000000,0x00000000811d12e8,0x0000000084f00000)
 Metaspace       used 44749K, capacity 46274K, committed 46384K, reserved 1089536K
  class space    used 6057K, capacity 6395K, committed 6448K, reserved 1048576K
Event: 6.676 GC heap after
Heap after GC invocations=12 (full 2):
 PSYoungGen      total 173568K, used 12777K [0x00000000d5580000, 0x00000000e1200000, 0x0000000100000000)
  eden space 160768K, 0% used [0x00000000d5580000,0x00000000d5580000,0x00000000df280000)
  from space 12800K, 99% used [0x00000000e0580000,0x00000000e11fa400,0x00000000e1200000)
  to   space 15360K, 0% used [0x00000000df400000,0x00000000df400000,0x00000000e0300000)
 ParOldGen       total 80896K, used 20269K [0x0000000080000000, 0x0000000084f00000, 0x00000000d5580000)
  object space 80896K, 25% used [0x0000000080000000,0x00000000813cb658,0x0000000084f00000)
 Metaspace       used 44749K, capacity 46274K, committed 46384K, reserved 1089536K
  class space    used 6057K, capacity 6395K, committed 6448K, reserved 1048576K
}
Event: 8.563 GC heap before
{Heap before GC invocations=13 (full 2):
 PSYoungGen      total 173568K, used 153982K [0x00000000d5580000, 0x00000000e1200000, 0x0000000100000000)
  eden space 160768K, 87% used [0x00000000d5580000,0x00000000ddf65688,0x00000000df280000)
  from space 12800K, 99% used [0x00000000e0580000,0x00000000e11fa400,0x00000000e1200000)
  to   space 15360K, 0% used [0x00000000df400000,0x00000000df400000,0x00000000e0300000)
 ParOldGen       total 80896K, used 20269K [0x0000000080000000, 0x0000000084f00000, 0x00000000d5580000)
  object space 80896K, 25% used [0x0000000080000000,0x00000000813cb658,0x0000000084f00000)
 Metaspace       used 56984K, capacity 59024K, committed 59160K, reserved 1099776K
  class space    used 7812K, capacity 8285K, committed 8368K, reserved 1048576K
Event: 8.589 GC heap after
Heap after GC invocations=13 (full 2):
 PSYoungGen      total 177664K, used 15356K [0x00000000d5580000, 0x00000000e4480000, 0x0000000100000000)
  eden space 162304K, 0% used [0x00000000d5580000,0x00000000d5580000,0x00000000df400000)
  from space 15360K, 99% used [0x00000000df400000,0x00000000e02ff0a8,0x00000000e0300000)
  to   space 20480K, 0% used [0x00000000e3080000,0x00000000e3080000,0x00000000e4480000)
 ParOldGen       total 80896K, used 29295K [0x0000000080000000, 0x0000000084f00000, 0x00000000d5580000)
  object space 80896K, 36% used [0x0000000080000000,0x0000000081c9bf58,0x0000000084f00000)
 Metaspace       used 56984K, capacity 59024K, committed 59160K, reserved 1099776K
  class space    used 7812K, capacity 8285K, committed 8368K, reserved 1048576K
}
Event: 8.589 GC heap before
{Heap before GC invocations=14 (full 3):
 PSYoungGen      total 177664K, used 15356K [0x00000000d5580000, 0x00000000e4480000, 0x0000000100000000)
  eden space 162304K, 0% used [0x00000000d5580000,0x00000000d5580000,0x00000000df400000)
  from space 15360K, 99% used [0x00000000df400000,0x00000000e02ff0a8,0x00000000e0300000)
  to   space 20480K, 0% used [0x00000000e3080000,0x00000000e3080000,0x00000000e4480000)
 ParOldGen       total 80896K, used 29295K [0x0000000080000000, 0x0000000084f00000, 0x00000000d5580000)
  object space 80896K, 36% used [0x0000000080000000,0x0000000081c9bf58,0x0000000084f00000)
 Metaspace       used 56984K, capacity 59024K, committed 59160K, reserved 1099776K
  class space    used 7812K, capacity 8285K, committed 8368K, reserved 1048576K
Event: 8.770 GC heap after
Heap after GC invocations=14 (full 3):
 PSYoungGen      total 177664K, used 0K [0x00000000d5580000, 0x00000000e4480000, 0x0000000100000000)
  eden space 162304K, 0% used [0x00000000d5580000,0x00000000d5580000,0x00000000df400000)
  from space 15360K, 0% used [0x00000000df400000,0x00000000df400000,0x00000000e0300000)
  to   space 20480K, 0% used [0x00000000e3080000,0x00000000e3080000,0x00000000e4480000)
 ParOldGen       total 123392K, used 36175K [0x0000000080000000, 0x0000000087880000, 0x00000000d5580000)
  object space 123392K, 29% used [0x0000000080000000,0x0000000082353da8,0x0000000087880000)
 Metaspace       used 56961K, capacity 58946K, committed 59160K, reserved 1099776K
  class space    used 7805K, capacity 8272K, committed 8368K, reserved 1048576K
}

