# JRE version: OpenJDK Runtime Environment (8.0_242-b01) (build 1.8.0_242-release-1644-b01)
# Java VM: OpenJDK 64-Bit Server VM (25.242-b01 mixed mode windows-amd64 compressed oops)
Heap:
 PSYoungGen      total 225280K, used 48405K [0x00000000d5580000, 0x00000000e5580000, 0x0000000100000000)
  eden space 207872K, 14% used [0x00000000d5580000,0x00000000d73e4420,0x00000000e2080000)
  from space 17408K, 99% used [0x00000000e4480000,0x00000000e55611a0,0x00000000e5580000)
  to   space 22528K, 0% used [0x00000000e2980000,0x00000000e2980000,0x00000000e3f80000)
 ParOldGen       total 115712K, used 36113K [0x0000000080000000, 0x0000000087100000, 0x00000000d5580000)
  object space 115712K, 31% used [0x0000000080000000,0x00000000823444f8,0x0000000087100000)
 Metaspace       used 64177K, capacity 67222K, committed 67368K, reserved 1107968K
  class space    used 8791K, capacity 9420K, committed 9520K, reserved 1048576K
GC Heap History (10 events):
Event: 5.445 GC heap before
{Heap before GC invocations=11 (full 2):
 PSYoungGen      total 137216K, used 11248K [0x00000000d5580000, 0x00000000e1780000, 0x0000000100000000)
  eden space 125952K, 0% used [0x00000000d5580000,0x00000000d5580000,0x00000000dd080000)
  from space 11264K, 99% used [0x00000000dd080000,0x00000000ddb7c318,0x00000000ddb80000)
  to   space 12800K, 0% used [0x00000000e0b00000,0x00000000e0b00000,0x00000000e1780000)
 ParOldGen       total 50176K, used 7902K [0x0000000080000000, 0x0000000083100000, 0x00000000d5580000)
  object space 50176K, 15% used [0x0000000080000000,0x00000000807b7a48,0x0000000083100000)
 Metaspace       used 34521K, capacity 35442K, committed 35496K, reserved 1079296K
  class space    used 4735K, capacity 5006K, committed 5040K, reserved 1048576K
Event: 5.497 GC heap after
Heap after GC invocations=11 (full 2):
 PSYoungGen      total 137216K, used 0K [0x00000000d5580000, 0x00000000e1780000, 0x0000000100000000)
  eden space 125952K, 0% used [0x00000000d5580000,0x00000000d5580000,0x00000000dd080000)
  from space 11264K, 0% used [0x00000000dd080000,0x00000000dd080000,0x00000000ddb80000)
  to   space 12800K, 0% used [0x00000000e0b00000,0x00000000e0b00000,0x00000000e1780000)
 ParOldGen       total 76288K, used 18268K [0x0000000080000000, 0x0000000084a80000, 0x00000000d5580000)
  object space 76288K, 23% used [0x0000000080000000,0x00000000811d70f0,0x0000000084a80000)
 Metaspace       used 34521K, capacity 35442K, committed 35496K, reserved 1079296K
  class space    used 4735K, capacity 5006K, committed 5040K, reserved 1048576K
}
Event: 7.146 GC heap before
{Heap before GC invocations=12 (full 2):
 PSYoungGen      total 137216K, used 125952K [0x00000000d5580000, 0x00000000e1780000, 0x0000000100000000)
  eden space 125952K, 100% used [0x00000000d5580000,0x00000000dd080000,0x00000000dd080000)
  from space 11264K, 0% used [0x00000000dd080000,0x00000000dd080000,0x00000000ddb80000)
  to   space 12800K, 0% used [0x00000000e0b00000,0x00000000e0b00000,0x00000000e1780000)
 ParOldGen       total 76288K, used 18268K [0x0000000080000000, 0x0000000084a80000, 0x00000000d5580000)
  object space 76288K, 23% used [0x0000000080000000,0x00000000811d70f0,0x0000000084a80000)
 Metaspace       used 44802K, capacity 46312K, committed 46376K, reserved 1089536K
  class space    used 6062K, capacity 6428K, committed 6448K, reserved 1048576K
Event: 7.167 GC heap after
Heap after GC invocations=12 (full 2):
 PSYoungGen      total 181760K, used 12792K [0x00000000d5580000, 0x00000000e1880000, 0x0000000100000000)
  eden space 168960K, 0% used [0x00000000d5580000,0x00000000d5580000,0x00000000dfa80000)
  from space 12800K, 99% used [0x00000000e0b00000,0x00000000e177e150,0x00000000e1780000)
  to   space 15360K, 0% used [0x00000000dfa80000,0x00000000dfa80000,0x00000000e0980000)
 ParOldGen       total 76288K, used 20398K [0x0000000080000000, 0x0000000084a80000, 0x00000000d5580000)
  object space 76288K, 26% used [0x0000000080000000,0x00000000813ebad8,0x0000000084a80000)
 Metaspace       used 44802K, capacity 46312K, committed 46376K, reserved 1089536K
  class space    used 6062K, capacity 6428K, committed 6448K, reserved 1048576K
}
Event: 9.019 GC heap before
{Heap before GC invocations=13 (full 2):
 PSYoungGen      total 181760K, used 157060K [0x00000000d5580000, 0x00000000e1880000, 0x0000000100000000)
  eden space 168960K, 85% used [0x00000000d5580000,0x00000000de262fb8,0x00000000dfa80000)
  from space 12800K, 99% used [0x00000000e0b00000,0x00000000e177e150,0x00000000e1780000)
  to   space 15360K, 0% used [0x00000000dfa80000,0x00000000dfa80000,0x00000000e0980000)
 ParOldGen       total 76288K, used 20398K [0x0000000080000000, 0x0000000084a80000, 0x00000000d5580000)
  object space 76288K, 26% used [0x0000000080000000,0x00000000813ebad8,0x0000000084a80000)
 Metaspace       used 56988K, capacity 59022K, committed 59160K, reserved 1099776K
  class space    used 7809K, capacity 8284K, committed 8368K, reserved 1048576K
Event: 9.049 GC heap after
Heap after GC invocations=13 (full 2):
 PSYoungGen      total 184320K, used 15346K [0x00000000d5580000, 0x00000000e5880000, 0x0000000100000000)
  eden space 168960K, 0% used [0x00000000d5580000,0x00000000d5580000,0x00000000dfa80000)
  from space 15360K, 99% used [0x00000000dfa80000,0x00000000e097c9e8,0x00000000e0980000)
  to   space 20480K, 0% used [0x00000000e4480000,0x00000000e4480000,0x00000000e5880000)
 ParOldGen       total 76288K, used 29497K [0x0000000080000000, 0x0000000084a80000, 0x00000000d5580000)
  object space 76288K, 38% used [0x0000000080000000,0x0000000081cce498,0x0000000084a80000)
 Metaspace       used 56988K, capacity 59022K, committed 59160K, reserved 1099776K
  class space    used 7809K, capacity 8284K, committed 8368K, reserved 1048576K
}
Event: 9.049 GC heap before
{Heap before GC invocations=14 (full 3):
 PSYoungGen      total 184320K, used 15346K [0x00000000d5580000, 0x00000000e5880000, 0x0000000100000000)
  eden space 168960K, 0% used [0x00000000d5580000,0x00000000d5580000,0x00000000dfa80000)
  from space 15360K, 99% used [0x00000000dfa80000,0x00000000e097c9e8,0x00000000e0980000)
  to   space 20480K, 0% used [0x00000000e4480000,0x00000000e4480000,0x00000000e5880000)
 ParOldGen       total 76288K, used 29497K [0x0000000080000000, 0x0000000084a80000, 0x00000000d5580000)
  object space 76288K, 38% used [0x0000000080000000,0x0000000081cce498,0x0000000084a80000)
 Metaspace       used 56988K, capacity 59022K, committed 59160K, reserved 1099776K
  class space    used 7809K, capacity 8284K, committed 8368K, reserved 1048576K
Event: 9.251 GC heap after
Heap after GC invocations=14 (full 3):
 PSYoungGen      total 184320K, used 0K [0x00000000d5580000, 0x00000000e5880000, 0x0000000100000000)
  eden space 168960K, 0% used [0x00000000d5580000,0x00000000d5580000,0x00000000dfa80000)
  from space 15360K, 0% used [0x00000000dfa80000,0x00000000dfa80000,0x00000000e0980000)
  to   space 20480K, 0% used [0x00000000e4480000,0x00000000e4480000,0x00000000e5880000)
 ParOldGen       total 115712K, used 36105K [0x0000000080000000, 0x0000000087100000, 0x00000000d5580000)
  object space 115712K, 31% used [0x0000000080000000,0x00000000823424f8,0x0000000087100000)
 Metaspace       used 56964K, capacity 58944K, committed 59160K, reserved 1099776K
  class space    used 7802K, capacity 8271K, committed 8368K, reserved 1048576K
}
Event: 14.070 GC heap before
{Heap before GC invocations=15 (full 3):
 PSYoungGen      total 184320K, used 168960K [0x00000000d5580000, 0x00000000e5880000, 0x0000000100000000)
  eden space 168960K, 100% used [0x00000000d5580000,0x00000000dfa80000,0x00000000dfa80000)
  from space 15360K, 0% used [0x00000000dfa80000,0x00000000dfa80000,0x00000000e0980000)
  to   space 20480K, 0% used [0x00000000e4480000,0x00000000e4480000,0x00000000e5880000)
 ParOldGen       total 115712K, used 36105K [0x0000000080000000, 0x0000000087100000, 0x00000000d5580000)
  object space 115712K, 31% used [0x0000000080000000,0x00000000823424f8,0x0000000087100000)
 Metaspace       used 63889K, capacity 66928K, committed 66984K, reserved 1107968K
  class space    used 8764K, capacity 9387K, committed 9392K, reserved 1048576K
Event: 14.108 GC heap after
Heap after GC invocations=15 (full 3):
 PSYoungGen      total 225280K, used 17284K [0x00000000d5580000, 0x00000000e5580000, 0x0000000100000000)
  eden space 207872K, 0% used [0x00000000d5580000,0x00000000d5580000,0x00000000e2080000)
  from space 17408K, 99% used [0x00000000e4480000,0x00000000e55611a0,0x00000000e5580000)
  to   space 22528K, 0% used [0x00000000e2980000,0x00000000e2980000,0x00000000e3f80000)
 ParOldGen       total 115712K, used 36113K [0x0000000080000000, 0x0000000087100000, 0x00000000d5580000)
  object space 115712K, 31% used [0x0000000080000000,0x00000000823444f8,0x0000000087100000)
 Metaspace       used 63889K, capacity 66928K, committed 66984K, reserved 1107968K
  class space    used 8764K, capacity 9387K, committed 9392K, reserved 1048576K
}

