# JRE version: OpenJDK Runtime Environment (8.0_242-b01) (build 1.8.0_242-release-1644-b01)
# Java VM: OpenJDK 64-Bit Server VM (25.242-b01 mixed mode windows-amd64 compressed oops)
Heap:
 PSYoungGen      total 219136K, used 216481K [0x00000000d5580000, 0x00000000e4980000, 0x0000000100000000)
  eden space 199680K, 98% used [0x00000000d5580000,0x00000000e15fd0c8,0x00000000e1880000)
  from space 19456K, 99% used [0x00000000e3680000,0x00000000e496b600,0x00000000e4980000)
  to   space 23552K, 0% used [0x00000000e1b80000,0x00000000e1b80000,0x00000000e3280000)
 ParOldGen       total 122368K, used 36154K [0x0000000080000000, 0x0000000087780000, 0x00000000d5580000)
  object space 122368K, 29% used [0x0000000080000000,0x000000008234e990,0x0000000087780000)
 Metaspace       used 76324K, capacity 80580K, committed 80808K, reserved 1118208K
  class space    used 10605K, capacity 11401K, committed 11440K, reserved 1048576K
GC Heap History (10 events):
Event: 4.787 GC heap before
{Heap before GC invocations=11 (full 2):
 PSYoungGen      total 137728K, used 11234K [0x00000000d5580000, 0x00000000e1580000, 0x0000000100000000)
  eden space 126464K, 0% used [0x00000000d5580000,0x00000000d5580000,0x00000000dd100000)
  from space 11264K, 99% used [0x00000000dd100000,0x00000000ddbf8988,0x00000000ddc00000)
  to   space 12800K, 0% used [0x00000000e0900000,0x00000000e0900000,0x00000000e1580000)
 ParOldGen       total 50688K, used 7922K [0x0000000080000000, 0x0000000083180000, 0x00000000d5580000)
  object space 50688K, 15% used [0x0000000080000000,0x00000000807bc9c8,0x0000000083180000)
 Metaspace       used 34524K, capacity 35438K, committed 35496K, reserved 1079296K
  class space    used 4738K, capacity 5006K, committed 5040K, reserved 1048576K
Event: 4.846 GC heap after
Heap after GC invocations=11 (full 2):
 PSYoungGen      total 137728K, used 0K [0x00000000d5580000, 0x00000000e1580000, 0x0000000100000000)
  eden space 126464K, 0% used [0x00000000d5580000,0x00000000d5580000,0x00000000dd100000)
  from space 11264K, 0% used [0x00000000dd100000,0x00000000dd100000,0x00000000ddc00000)
  to   space 12800K, 0% used [0x00000000e0900000,0x00000000e0900000,0x00000000e1580000)
 ParOldGen       total 79872K, used 18252K [0x0000000080000000, 0x0000000084e00000, 0x00000000d5580000)
  object space 79872K, 22% used [0x0000000080000000,0x00000000811d3210,0x0000000084e00000)
 Metaspace       used 34524K, capacity 35438K, committed 35496K, reserved 1079296K
  class space    used 4738K, capacity 5006K, committed 5040K, reserved 1048576K
}
Event: 6.384 GC heap before
{Heap before GC invocations=12 (full 2):
 PSYoungGen      total 137728K, used 126464K [0x00000000d5580000, 0x00000000e1580000, 0x0000000100000000)
  eden space 126464K, 100% used [0x00000000d5580000,0x00000000dd100000,0x00000000dd100000)
  from space 11264K, 0% used [0x00000000dd100000,0x00000000dd100000,0x00000000ddc00000)
  to   space 12800K, 0% used [0x00000000e0900000,0x00000000e0900000,0x00000000e1580000)
 ParOldGen       total 79872K, used 18252K [0x0000000080000000, 0x0000000084e00000, 0x00000000d5580000)
  object space 79872K, 22% used [0x0000000080000000,0x00000000811d3210,0x0000000084e00000)
 Metaspace       used 45052K, capacity 46636K, committed 46760K, reserved 1089536K
  class space    used 6106K, capacity 6492K, committed 6576K, reserved 1048576K
Event: 6.399 GC heap after
Heap after GC invocations=12 (full 2):
 PSYoungGen      total 176640K, used 12769K [0x00000000d5580000, 0x00000000e1580000, 0x0000000100000000)
  eden space 163840K, 0% used [0x00000000d5580000,0x00000000d5580000,0x00000000df580000)
  from space 12800K, 99% used [0x00000000e0900000,0x00000000e15784a0,0x00000000e1580000)
  to   space 15360K, 0% used [0x00000000df780000,0x00000000df780000,0x00000000e0680000)
 ParOldGen       total 79872K, used 20719K [0x0000000080000000, 0x0000000084e00000, 0x00000000d5580000)
  object space 79872K, 25% used [0x0000000080000000,0x000000008143bd18,0x0000000084e00000)
 Metaspace       used 45052K, capacity 46636K, committed 46760K, reserved 1089536K
  class space    used 6106K, capacity 6492K, committed 6576K, reserved 1048576K
}
Event: 7.955 GC heap before
{Heap before GC invocations=13 (full 2):
 PSYoungGen      total 176640K, used 155148K [0x00000000d5580000, 0x00000000e1580000, 0x0000000100000000)
  eden space 163840K, 86% used [0x00000000d5580000,0x00000000de08af08,0x00000000df580000)
  from space 12800K, 99% used [0x00000000e0900000,0x00000000e15784a0,0x00000000e1580000)
  to   space 15360K, 0% used [0x00000000df780000,0x00000000df780000,0x00000000e0680000)
 ParOldGen       total 79872K, used 20719K [0x0000000080000000, 0x0000000084e00000, 0x00000000d5580000)
  object space 79872K, 25% used [0x0000000080000000,0x000000008143bd18,0x0000000084e00000)
 Metaspace       used 57041K, capacity 59052K, committed 59160K, reserved 1099776K
  class space    used 7823K, capacity 8315K, committed 8368K, reserved 1048576K
Event: 7.977 GC heap after
Heap after GC invocations=13 (full 2):
 PSYoungGen      total 181248K, used 15353K [0x00000000d5580000, 0x00000000e4b00000, 0x0000000100000000)
  eden space 165888K, 0% used [0x00000000d5580000,0x00000000d5580000,0x00000000df780000)
  from space 15360K, 99% used [0x00000000df780000,0x00000000e067e560,0x00000000e0680000)
  to   space 20992K, 0% used [0x00000000e3680000,0x00000000e3680000,0x00000000e4b00000)
 ParOldGen       total 79872K, used 29731K [0x0000000080000000, 0x0000000084e00000, 0x00000000d5580000)
  object space 79872K, 37% used [0x0000000080000000,0x0000000081d08f20,0x0000000084e00000)
 Metaspace       used 57041K, capacity 59052K, committed 59160K, reserved 1099776K
  class space    used 7823K, capacity 8315K, committed 8368K, reserved 1048576K
}
Event: 7.977 GC heap before
{Heap before GC invocations=14 (full 3):
 PSYoungGen      total 181248K, used 15353K [0x00000000d5580000, 0x00000000e4b00000, 0x0000000100000000)
  eden space 165888K, 0% used [0x00000000d5580000,0x00000000d5580000,0x00000000df780000)
  from space 15360K, 99% used [0x00000000df780000,0x00000000e067e560,0x00000000e0680000)
  to   space 20992K, 0% used [0x00000000e3680000,0x00000000e3680000,0x00000000e4b00000)
 ParOldGen       total 79872K, used 29731K [0x0000000080000000, 0x0000000084e00000, 0x00000000d5580000)
  object space 79872K, 37% used [0x0000000080000000,0x0000000081d08f20,0x0000000084e00000)
 Metaspace       used 57041K, capacity 59052K, committed 59160K, reserved 1099776K
  class space    used 7823K, capacity 8315K, committed 8368K, reserved 1048576K
Event: 8.165 GC heap after
Heap after GC invocations=14 (full 3):
 PSYoungGen      total 181248K, used 0K [0x00000000d5580000, 0x00000000e4b00000, 0x0000000100000000)
  eden space 165888K, 0% used [0x00000000d5580000,0x00000000d5580000,0x00000000df780000)
  from space 15360K, 0% used [0x00000000df780000,0x00000000df780000,0x00000000e0680000)
  to   space 20992K, 0% used [0x00000000e3680000,0x00000000e3680000,0x00000000e4b00000)
 ParOldGen       total 122368K, used 36146K [0x0000000080000000, 0x0000000087780000, 0x00000000d5580000)
  object space 122368K, 29% used [0x0000000080000000,0x000000008234c990,0x0000000087780000)
 Metaspace       used 57020K, capacity 58980K, committed 59160K, reserved 1099776K
  class space    used 7817K, capacity 8303K, committed 8368K, reserved 1048576K
}
Event: 10.352 GC heap before
{Heap before GC invocations=15 (full 3):
 PSYoungGen      total 181248K, used 165888K [0x00000000d5580000, 0x00000000e4b00000, 0x0000000100000000)
  eden space 165888K, 100% used [0x00000000d5580000,0x00000000df780000,0x00000000df780000)
  from space 15360K, 0% used [0x00000000df780000,0x00000000df780000,0x00000000e0680000)
  to   space 20992K, 0% used [0x00000000e3680000,0x00000000e3680000,0x00000000e4b00000)
 ParOldGen       total 122368K, used 36146K [0x0000000080000000, 0x0000000087780000, 0x00000000d5580000)
  object space 122368K, 29% used [0x0000000080000000,0x000000008234c990,0x0000000087780000)
 Metaspace       used 66111K, capacity 69466K, committed 69544K, reserved 1110016K
  class space    used 9162K, capacity 9854K, committed 9904K, reserved 1048576K
Event: 10.373 GC heap after
Heap after GC invocations=15 (full 3):
 PSYoungGen      total 219136K, used 19373K [0x00000000d5580000, 0x00000000e4980000, 0x0000000100000000)
  eden space 199680K, 0% used [0x00000000d5580000,0x00000000d5580000,0x00000000e1880000)
  from space 19456K, 99% used [0x00000000e3680000,0x00000000e496b600,0x00000000e4980000)
  to   space 23552K, 0% used [0x00000000e1b80000,0x00000000e1b80000,0x00000000e3280000)
 ParOldGen       total 122368K, used 36154K [0x0000000080000000, 0x0000000087780000, 0x00000000d5580000)
  object space 122368K, 29% used [0x0000000080000000,0x000000008234e990,0x0000000087780000)
 Metaspace       used 66111K, capacity 69466K, committed 69544K, reserved 1110016K
  class space    used 9162K, capacity 9854K, committed 9904K, reserved 1048576K
}

