# JRE version: OpenJDK Runtime Environment (8.0_242-b01) (build 1.8.0_242-release-1644-b01)
# Java VM: OpenJDK 64-Bit Server VM (25.242-b01 mixed mode windows-amd64 compressed oops)
Heap:
 PSYoungGen      total 182272K, used 51377K [0x00000000d5580000, 0x00000000e5380000, 0x0000000100000000)
  eden space 166912K, 30% used [0x00000000d5580000,0x00000000d87ac7d8,0x00000000df880000)
  from space 15360K, 0% used [0x00000000df880000,0x00000000df880000,0x00000000e0780000)
  to   space 20480K, 0% used [0x00000000e3f80000,0x00000000e3f80000,0x00000000e5380000)
 ParOldGen       total 118272K, used 36012K [0x0000000080000000, 0x0000000087380000, 0x00000000d5580000)
  object space 118272K, 30% used [0x0000000080000000,0x000000008232b128,0x0000000087380000)
 Metaspace       used 59108K, capacity 61296K, committed 61352K, reserved 1101824K
  class space    used 8143K, capacity 8603K, committed 8624K, reserved 1048576K
GC Heap History (10 events):
Event: 5.459 GC heap before
{Heap before GC invocations=10 (full 1):
 PSYoungGen      total 124928K, used 121961K [0x00000000d5580000, 0x00000000de600000, 0x0000000100000000)
  eden space 116736K, 97% used [0x00000000d5580000,0x00000000dc4a2e78,0x00000000dc780000)
  from space 8192K, 99% used [0x00000000dde00000,0x00000000de5f7608,0x00000000de600000)
  to   space 11264K, 0% used [0x00000000dd000000,0x00000000dd000000,0x00000000ddb00000)
 ParOldGen       total 50176K, used 7472K [0x0000000080000000, 0x0000000083100000, 0x00000000d5580000)
  object space 50176K, 14% used [0x0000000080000000,0x000000008074c038,0x0000000083100000)
 Metaspace       used 34523K, capacity 35442K, committed 35496K, reserved 1079296K
  class space    used 4737K, capacity 5006K, committed 5040K, reserved 1048576K
Event: 5.473 GC heap after
Heap after GC invocations=10 (full 1):
 PSYoungGen      total 136704K, used 11250K [0x00000000d5580000, 0x00000000e1680000, 0x0000000100000000)
  eden space 125440K, 0% used [0x00000000d5580000,0x00000000d5580000,0x00000000dd000000)
  from space 11264K, 99% used [0x00000000dd000000,0x00000000ddafc998,0x00000000ddb00000)
  to   space 12800K, 0% used [0x00000000e0a00000,0x00000000e0a00000,0x00000000e1680000)
 ParOldGen       total 50176K, used 7867K [0x0000000080000000, 0x0000000083100000, 0x00000000d5580000)
  object space 50176K, 15% used [0x0000000080000000,0x00000000807aec28,0x0000000083100000)
 Metaspace       used 34523K, capacity 35442K, committed 35496K, reserved 1079296K
  class space    used 4737K, capacity 5006K, committed 5040K, reserved 1048576K
}
Event: 5.473 GC heap before
{Heap before GC invocations=11 (full 2):
 PSYoungGen      total 136704K, used 11250K [0x00000000d5580000, 0x00000000e1680000, 0x0000000100000000)
  eden space 125440K, 0% used [0x00000000d5580000,0x00000000d5580000,0x00000000dd000000)
  from space 11264K, 99% used [0x00000000dd000000,0x00000000ddafc998,0x00000000ddb00000)
  to   space 12800K, 0% used [0x00000000e0a00000,0x00000000e0a00000,0x00000000e1680000)
 ParOldGen       total 50176K, used 7867K [0x0000000080000000, 0x0000000083100000, 0x00000000d5580000)
  object space 50176K, 15% used [0x0000000080000000,0x00000000807aec28,0x0000000083100000)
 Metaspace       used 34523K, capacity 35442K, committed 35496K, reserved 1079296K
  class space    used 4737K, capacity 5006K, committed 5040K, reserved 1048576K
Event: 5.525 GC heap after
Heap after GC invocations=11 (full 2):
 PSYoungGen      total 136704K, used 0K [0x00000000d5580000, 0x00000000e1680000, 0x0000000100000000)
  eden space 125440K, 0% used [0x00000000d5580000,0x00000000d5580000,0x00000000dd000000)
  from space 11264K, 0% used [0x00000000dd000000,0x00000000dd000000,0x00000000ddb00000)
  to   space 12800K, 0% used [0x00000000e0a00000,0x00000000e0a00000,0x00000000e1680000)
 ParOldGen       total 77312K, used 18261K [0x0000000080000000, 0x0000000084b80000, 0x00000000d5580000)
  object space 77312K, 23% used [0x0000000080000000,0x00000000811d57d8,0x0000000084b80000)
 Metaspace       used 34523K, capacity 35442K, committed 35496K, reserved 1079296K
  class space    used 4737K, capacity 5006K, committed 5040K, reserved 1048576K
}
Event: 7.306 GC heap before
{Heap before GC invocations=12 (full 2):
 PSYoungGen      total 136704K, used 125440K [0x00000000d5580000, 0x00000000e1680000, 0x0000000100000000)
  eden space 125440K, 100% used [0x00000000d5580000,0x00000000dd000000,0x00000000dd000000)
  from space 11264K, 0% used [0x00000000dd000000,0x00000000dd000000,0x00000000ddb00000)
  to   space 12800K, 0% used [0x00000000e0a00000,0x00000000e0a00000,0x00000000e1680000)
 ParOldGen       total 77312K, used 18261K [0x0000000080000000, 0x0000000084b80000, 0x00000000d5580000)
  object space 77312K, 23% used [0x0000000080000000,0x00000000811d57d8,0x0000000084b80000)
 Metaspace       used 44771K, capacity 46246K, committed 46376K, reserved 1089536K
  class space    used 6062K, capacity 6401K, committed 6448K, reserved 1048576K
Event: 7.321 GC heap after
Heap after GC invocations=12 (full 2):
 PSYoungGen      total 179200K, used 12793K [0x00000000d5580000, 0x00000000e1680000, 0x0000000100000000)
  eden space 166400K, 0% used [0x00000000d5580000,0x00000000d5580000,0x00000000df800000)
  from space 12800K, 99% used [0x00000000e0a00000,0x00000000e167e728,0x00000000e1680000)
  to   space 15360K, 0% used [0x00000000df880000,0x00000000df880000,0x00000000e0780000)
 ParOldGen       total 77312K, used 20258K [0x0000000080000000, 0x0000000084b80000, 0x00000000d5580000)
  object space 77312K, 26% used [0x0000000080000000,0x00000000813c88b8,0x0000000084b80000)
 Metaspace       used 44771K, capacity 46246K, committed 46376K, reserved 1089536K
  class space    used 6062K, capacity 6401K, committed 6448K, reserved 1048576K
}
Event: 10.629 GC heap before
{Heap before GC invocations=13 (full 2):
 PSYoungGen      total 179200K, used 152803K [0x00000000d5580000, 0x00000000e1680000, 0x0000000100000000)
  eden space 166400K, 84% used [0x00000000d5580000,0x00000000dde3a6b8,0x00000000df800000)
  from space 12800K, 99% used [0x00000000e0a00000,0x00000000e167e728,0x00000000e1680000)
  to   space 15360K, 0% used [0x00000000df880000,0x00000000df880000,0x00000000e0780000)
 ParOldGen       total 77312K, used 20258K [0x0000000080000000, 0x0000000084b80000, 0x00000000d5580000)
  object space 77312K, 26% used [0x0000000080000000,0x00000000813c88b8,0x0000000084b80000)
 Metaspace       used 56950K, capacity 59058K, committed 59160K, reserved 1099776K
  class space    used 7806K, capacity 8290K, committed 8368K, reserved 1048576K
Event: 10.692 GC heap after
Heap after GC invocations=13 (full 2):
 PSYoungGen      total 182272K, used 15354K [0x00000000d5580000, 0x00000000e5380000, 0x0000000100000000)
  eden space 166912K, 0% used [0x00000000d5580000,0x00000000d5580000,0x00000000df880000)
  from space 15360K, 99% used [0x00000000df880000,0x00000000e077eaf8,0x00000000e0780000)
  to   space 20480K, 0% used [0x00000000e3f80000,0x00000000e3f80000,0x00000000e5380000)
 ParOldGen       total 77312K, used 29196K [0x0000000080000000, 0x0000000084b80000, 0x00000000d5580000)
  object space 77312K, 37% used [0x0000000080000000,0x0000000081c830e8,0x0000000084b80000)
 Metaspace       used 56950K, capacity 59058K, committed 59160K, reserved 1099776K
  class space    used 7806K, capacity 8290K, committed 8368K, reserved 1048576K
}
Event: 10.692 GC heap before
{Heap before GC invocations=14 (full 3):
 PSYoungGen      total 182272K, used 15354K [0x00000000d5580000, 0x00000000e5380000, 0x0000000100000000)
  eden space 166912K, 0% used [0x00000000d5580000,0x00000000d5580000,0x00000000df880000)
  from space 15360K, 99% used [0x00000000df880000,0x00000000e077eaf8,0x00000000e0780000)
  to   space 20480K, 0% used [0x00000000e3f80000,0x00000000e3f80000,0x00000000e5380000)
 ParOldGen       total 77312K, used 29196K [0x0000000080000000, 0x0000000084b80000, 0x00000000d5580000)
  object space 77312K, 37% used [0x0000000080000000,0x0000000081c830e8,0x0000000084b80000)
 Metaspace       used 56950K, capacity 59058K, committed 59160K, reserved 1099776K
  class space    used 7806K, capacity 8290K, committed 8368K, reserved 1048576K
Event: 11.043 GC heap after
Heap after GC invocations=14 (full 3):
 PSYoungGen      total 182272K, used 0K [0x00000000d5580000, 0x00000000e5380000, 0x0000000100000000)
  eden space 166912K, 0% used [0x00000000d5580000,0x00000000d5580000,0x00000000df880000)
  from space 15360K, 0% used [0x00000000df880000,0x00000000df880000,0x00000000e0780000)
  to   space 20480K, 0% used [0x00000000e3f80000,0x00000000e3f80000,0x00000000e5380000)
 ParOldGen       total 118272K, used 36012K [0x0000000080000000, 0x0000000087380000, 0x00000000d5580000)
  object space 118272K, 30% used [0x0000000080000000,0x000000008232b128,0x0000000087380000)
 Metaspace       used 56917K, capacity 58944K, committed 59160K, reserved 1099776K
  class space    used 7796K, capacity 8271K, committed 8368K, reserved 1048576K
}

