# JRE version: OpenJDK Runtime Environment (8.0_242-b01) (build 1.8.0_242-release-1644-b01)
# Java VM: OpenJDK 64-Bit Server VM (25.242-b01 mixed mode windows-amd64 compressed oops)
Heap:
 PSYoungGen      total 223232K, used 59604K [0x00000000d5580000, 0x00000000e8180000, 0x0000000100000000)
  eden space 200704K, 18% used [0x00000000d5580000,0x00000000d79b94f8,0x00000000e1980000)
  from space 22528K, 99% used [0x00000000e1980000,0x00000000e2f7bd00,0x00000000e2f80000)
  to   space 32768K, 0% used [0x00000000e6180000,0x00000000e6180000,0x00000000e8180000)
 ParOldGen       total 125952K, used 55451K [0x0000000080000000, 0x0000000087b00000, 0x00000000d5580000)
  object space 125952K, 44% used [0x0000000080000000,0x0000000083626db8,0x0000000087b00000)
 Metaspace       used 70046K, capacity 73594K, committed 73896K, reserved 1112064K
  class space    used 9685K, capacity 10352K, committed 10416K, reserved 1048576K
GC Heap History (10 events):
Event: 6.586 GC heap before
{Heap before GC invocations=12 (full 2):
 PSYoungGen      total 136704K, used 125440K [0x00000000d5580000, 0x00000000e0f00000, 0x0000000100000000)
  eden space 125440K, 100% used [0x00000000d5580000,0x00000000dd000000,0x00000000dd000000)
  from space 11264K, 0% used [0x00000000dd000000,0x00000000dd000000,0x00000000ddb00000)
  to   space 12800K, 0% used [0x00000000e0280000,0x00000000e0280000,0x00000000e0f00000)
 ParOldGen       total 81920K, used 18244K [0x0000000080000000, 0x0000000085000000, 0x00000000d5580000)
  object space 81920K, 22% used [0x0000000080000000,0x00000000811d1268,0x0000000085000000)
 Metaspace       used 44933K, capacity 46418K, committed 46632K, reserved 1089536K
  class space    used 6087K, capacity 6435K, committed 6448K, reserved 1048576K
Event: 6.603 GC heap after
Heap after GC invocations=12 (full 2):
 PSYoungGen      total 174592K, used 12788K [0x00000000d5580000, 0x00000000e1200000, 0x0000000100000000)
  eden space 161792K, 0% used [0x00000000d5580000,0x00000000d5580000,0x00000000df380000)
  from space 12800K, 99% used [0x00000000e0280000,0x00000000e0efd0f0,0x00000000e0f00000)
  to   space 15360K, 0% used [0x00000000df380000,0x00000000df380000,0x00000000e0280000)
 ParOldGen       total 81920K, used 20407K [0x0000000080000000, 0x0000000085000000, 0x00000000d5580000)
  object space 81920K, 24% used [0x0000000080000000,0x00000000813edd10,0x0000000085000000)
 Metaspace       used 44933K, capacity 46418K, committed 46632K, reserved 1089536K
  class space    used 6087K, capacity 6435K, committed 6448K, reserved 1048576K
}
Event: 8.244 GC heap before
{Heap before GC invocations=13 (full 2):
 PSYoungGen      total 174592K, used 155856K [0x00000000d5580000, 0x00000000e1200000, 0x0000000100000000)
  eden space 161792K, 88% used [0x00000000d5580000,0x00000000de137180,0x00000000df380000)
  from space 12800K, 99% used [0x00000000e0280000,0x00000000e0efd0f0,0x00000000e0f00000)
  to   space 15360K, 0% used [0x00000000df380000,0x00000000df380000,0x00000000e0280000)
 ParOldGen       total 81920K, used 20407K [0x0000000080000000, 0x0000000085000000, 0x00000000d5580000)
  object space 81920K, 24% used [0x0000000080000000,0x00000000813edd10,0x0000000085000000)
 Metaspace       used 56986K, capacity 59054K, committed 59160K, reserved 1099776K
  class space    used 7813K, capacity 8290K, committed 8368K, reserved 1048576K
Event: 8.272 GC heap after
Heap after GC invocations=13 (full 2):
 PSYoungGen      total 177152K, used 15331K [0x00000000d5580000, 0x00000000e4880000, 0x0000000100000000)
  eden space 161792K, 0% used [0x00000000d5580000,0x00000000d5580000,0x00000000df380000)
  from space 15360K, 99% used [0x00000000df380000,0x00000000e0278cc8,0x00000000e0280000)
  to   space 20480K, 0% used [0x00000000e3480000,0x00000000e3480000,0x00000000e4880000)
 ParOldGen       total 81920K, used 29167K [0x0000000080000000, 0x0000000085000000, 0x00000000d5580000)
  object space 81920K, 35% used [0x0000000080000000,0x0000000081c7bfc0,0x0000000085000000)
 Metaspace       used 56986K, capacity 59054K, committed 59160K, reserved 1099776K
  class space    used 7813K, capacity 8290K, committed 8368K, reserved 1048576K
}
Event: 8.272 GC heap before
{Heap before GC invocations=14 (full 3):
 PSYoungGen      total 177152K, used 15331K [0x00000000d5580000, 0x00000000e4880000, 0x0000000100000000)
  eden space 161792K, 0% used [0x00000000d5580000,0x00000000d5580000,0x00000000df380000)
  from space 15360K, 99% used [0x00000000df380000,0x00000000e0278cc8,0x00000000e0280000)
  to   space 20480K, 0% used [0x00000000e3480000,0x00000000e3480000,0x00000000e4880000)
 ParOldGen       total 81920K, used 29167K [0x0000000080000000, 0x0000000085000000, 0x00000000d5580000)
  object space 81920K, 35% used [0x0000000080000000,0x0000000081c7bfc0,0x0000000085000000)
 Metaspace       used 56986K, capacity 59054K, committed 59160K, reserved 1099776K
  class space    used 7813K, capacity 8290K, committed 8368K, reserved 1048576K
Event: 8.496 GC heap after
Heap after GC invocations=14 (full 3):
 PSYoungGen      total 177152K, used 0K [0x00000000d5580000, 0x00000000e4880000, 0x0000000100000000)
  eden space 161792K, 0% used [0x00000000d5580000,0x00000000d5580000,0x00000000df380000)
  from space 15360K, 0% used [0x00000000df380000,0x00000000df380000,0x00000000e0280000)
  to   space 20480K, 0% used [0x00000000e3480000,0x00000000e3480000,0x00000000e4880000)
 ParOldGen       total 125952K, used 36045K [0x0000000080000000, 0x0000000087b00000, 0x00000000d5580000)
  object space 125952K, 28% used [0x0000000080000000,0x00000000823336a8,0x0000000087b00000)
 Metaspace       used 56952K, capacity 58940K, committed 59160K, reserved 1099776K
  class space    used 7803K, capacity 8271K, committed 8368K, reserved 1048576K
}
Event: 12.650 GC heap before
{Heap before GC invocations=15 (full 3):
 PSYoungGen      total 177152K, used 161792K [0x00000000d5580000, 0x00000000e4880000, 0x0000000100000000)
  eden space 161792K, 100% used [0x00000000d5580000,0x00000000df380000,0x00000000df380000)
  from space 15360K, 0% used [0x00000000df380000,0x00000000df380000,0x00000000e0280000)
  to   space 20480K, 0% used [0x00000000e3480000,0x00000000e3480000,0x00000000e4880000)
 ParOldGen       total 125952K, used 36045K [0x0000000080000000, 0x0000000087b00000, 0x00000000d5580000)
  object space 125952K, 28% used [0x0000000080000000,0x00000000823336a8,0x0000000087b00000)
 Metaspace       used 62926K, capacity 65760K, committed 65832K, reserved 1105920K
  class space    used 8690K, capacity 9263K, committed 9264K, reserved 1048576K
Event: 12.686 GC heap after
Heap after GC invocations=15 (full 3):
 PSYoungGen      total 209920K, used 17293K [0x00000000d5580000, 0x00000000e4580000, 0x0000000100000000)
  eden space 192512K, 0% used [0x00000000d5580000,0x00000000d5580000,0x00000000e1180000)
  from space 17408K, 99% used [0x00000000e3480000,0x00000000e4563548,0x00000000e4580000)
  to   space 22528K, 0% used [0x00000000e1980000,0x00000000e1980000,0x00000000e2f80000)
 ParOldGen       total 125952K, used 36053K [0x0000000080000000, 0x0000000087b00000, 0x00000000d5580000)
  object space 125952K, 28% used [0x0000000080000000,0x00000000823356a8,0x0000000087b00000)
 Metaspace       used 62926K, capacity 65760K, committed 65832K, reserved 1105920K
  class space    used 8690K, capacity 9263K, committed 9264K, reserved 1048576K
}
Event: 14.889 GC heap before
{Heap before GC invocations=16 (full 3):
 PSYoungGen      total 209920K, used 209805K [0x00000000d5580000, 0x00000000e4580000, 0x0000000100000000)
  eden space 192512K, 100% used [0x00000000d5580000,0x00000000e1180000,0x00000000e1180000)
  from space 17408K, 99% used [0x00000000e3480000,0x00000000e4563548,0x00000000e4580000)
  to   space 22528K, 0% used [0x00000000e1980000,0x00000000e1980000,0x00000000e2f80000)
 ParOldGen       total 125952K, used 36053K [0x0000000080000000, 0x0000000087b00000, 0x00000000d5580000)
  object space 125952K, 28% used [0x0000000080000000,0x00000000823356a8,0x0000000087b00000)
 Metaspace       used 69599K, capacity 73140K, committed 73384K, reserved 1112064K
  class space    used 9643K, capacity 10315K, committed 10416K, reserved 1048576K
Event: 15.027 GC heap after
Heap after GC invocations=16 (full 3):
 PSYoungGen      total 223232K, used 22511K [0x00000000d5580000, 0x00000000e8180000, 0x0000000100000000)
  eden space 200704K, 0% used [0x00000000d5580000,0x00000000d5580000,0x00000000e1980000)
  from space 22528K, 99% used [0x00000000e1980000,0x00000000e2f7bd00,0x00000000e2f80000)
  to   space 32768K, 0% used [0x00000000e6180000,0x00000000e6180000,0x00000000e8180000)
 ParOldGen       total 125952K, used 55451K [0x0000000080000000, 0x0000000087b00000, 0x00000000d5580000)
  object space 125952K, 44% used [0x0000000080000000,0x0000000083626db8,0x0000000087b00000)
 Metaspace       used 69599K, capacity 73140K, committed 73384K, reserved 1112064K
  class space    used 9643K, capacity 10315K, committed 10416K, reserved 1048576K
}

