# JRE version: OpenJDK Runtime Environment (8.0_242-b01) (build 1.8.0_242-release-1644-b01)
# Java VM: OpenJDK 64-Bit Server VM (25.242-b01 mixed mode windows-amd64 compressed oops)
Heap:
 PSYoungGen      total 138240K, used 124412K [0x00000000d5580000, 0x00000000e0b80000, 0x0000000100000000)
  eden space 125440K, 99% used [0x00000000d5580000,0x00000000dceff120,0x00000000dd000000)
  from space 12800K, 0% used [0x00000000dff00000,0x00000000dff00000,0x00000000e0b80000)
  to   space 11264K, 0% used [0x00000000dd000000,0x00000000dd000000,0x00000000ddb00000)
 ParOldGen       total 65024K, used 13500K [0x0000000080000000, 0x0000000083f80000, 0x00000000d5580000)
  object space 65024K, 20% used [0x0000000080000000,0x0000000080d2f340,0x0000000083f80000)
 Metaspace       used 44632K, capacity 46196K, committed 46376K, reserved 1089536K
  class space    used 6045K, capacity 6430K, committed 6448K, reserved 1048576K
GC Heap History (10 events):
Event: 4.169 GC heap before
{Heap before GC invocations=8 (full 1):
 PSYoungGen      total 75776K, used 4239K [0x00000000d5580000, 0x00000000de880000, 0x0000000100000000)
  eden space 64512K, 0% used [0x00000000d5580000,0x00000000d5580000,0x00000000d9480000)
  from space 11264K, 37% used [0x00000000d9480000,0x00000000d98a3e28,0x00000000d9f80000)
  to   space 10752K, 0% used [0x00000000dde00000,0x00000000dde00000,0x00000000de880000)
 ParOldGen       total 86016K, used 9474K [0x0000000080000000, 0x0000000085400000, 0x00000000d5580000)
  object space 86016K, 11% used [0x0000000080000000,0x0000000080940990,0x0000000085400000)
 Metaspace       used 20589K, capacity 21240K, committed 21296K, reserved 1067008K
  class space    used 2882K, capacity 3088K, committed 3120K, reserved 1048576K
Event: 4.207 GC heap after
Heap after GC invocations=8 (full 1):
 PSYoungGen      total 75776K, used 0K [0x00000000d5580000, 0x00000000de880000, 0x0000000100000000)
  eden space 64512K, 0% used [0x00000000d5580000,0x00000000d5580000,0x00000000d9480000)
  from space 11264K, 0% used [0x00000000d9480000,0x00000000d9480000,0x00000000d9f80000)
  to   space 10752K, 0% used [0x00000000dde00000,0x00000000dde00000,0x00000000de880000)
 ParOldGen       total 52736K, used 7489K [0x0000000080000000, 0x0000000083380000, 0x00000000d5580000)
  object space 52736K, 14% used [0x0000000080000000,0x0000000080750550,0x0000000083380000)
 Metaspace       used 20589K, capacity 21240K, committed 21296K, reserved 1067008K
  class space    used 2882K, capacity 3088K, committed 3120K, reserved 1048576K
}
Event: 4.971 GC heap before
{Heap before GC invocations=9 (full 1):
 PSYoungGen      total 75776K, used 64512K [0x00000000d5580000, 0x00000000de880000, 0x0000000100000000)
  eden space 64512K, 100% used [0x00000000d5580000,0x00000000d9480000,0x00000000d9480000)
  from space 11264K, 0% used [0x00000000d9480000,0x00000000d9480000,0x00000000d9f80000)
  to   space 10752K, 0% used [0x00000000dde00000,0x00000000dde00000,0x00000000de880000)
 ParOldGen       total 52736K, used 7489K [0x0000000080000000, 0x0000000083380000, 0x00000000d5580000)
  object space 52736K, 14% used [0x0000000080000000,0x0000000080750550,0x0000000083380000)
 Metaspace       used 28208K, capacity 28928K, committed 29232K, reserved 1075200K
  class space    used 3894K, capacity 4131K, committed 4144K, reserved 1048576K
Event: 4.980 GC heap after
Heap after GC invocations=9 (full 1):
 PSYoungGen      total 120320K, used 8149K [0x00000000d5580000, 0x00000000de600000, 0x0000000100000000)
  eden space 112128K, 0% used [0x00000000d5580000,0x00000000d5580000,0x00000000dc300000)
  from space 8192K, 99% used [0x00000000dde00000,0x00000000de5f5650,0x00000000de600000)
  to   space 11264K, 0% used [0x00000000dd000000,0x00000000dd000000,0x00000000ddb00000)
 ParOldGen       total 52736K, used 7497K [0x0000000080000000, 0x0000000083380000, 0x00000000d5580000)
  object space 52736K, 14% used [0x0000000080000000,0x0000000080752550,0x0000000083380000)
 Metaspace       used 28208K, capacity 28928K, committed 29232K, reserved 1075200K
  class space    used 3894K, capacity 4131K, committed 4144K, reserved 1048576K
}
Event: 6.192 GC heap before
{Heap before GC invocations=10 (full 1):
 PSYoungGen      total 120320K, used 120277K [0x00000000d5580000, 0x00000000de600000, 0x0000000100000000)
  eden space 112128K, 100% used [0x00000000d5580000,0x00000000dc300000,0x00000000dc300000)
  from space 8192K, 99% used [0x00000000dde00000,0x00000000de5f5650,0x00000000de600000)
  to   space 11264K, 0% used [0x00000000dd000000,0x00000000dd000000,0x00000000ddb00000)
 ParOldGen       total 52736K, used 7497K [0x0000000080000000, 0x0000000083380000, 0x00000000d5580000)
  object space 52736K, 14% used [0x0000000080000000,0x0000000080752550,0x0000000083380000)
 Metaspace       used 34513K, capacity 35442K, committed 35496K, reserved 1079296K
  class space    used 4736K, capacity 5006K, committed 5040K, reserved 1048576K
Event: 6.211 GC heap after
Heap after GC invocations=10 (full 1):
 PSYoungGen      total 136704K, used 11255K [0x00000000d5580000, 0x00000000e0b80000, 0x0000000100000000)
  eden space 125440K, 0% used [0x00000000d5580000,0x00000000d5580000,0x00000000dd000000)
  from space 11264K, 99% used [0x00000000dd000000,0x00000000ddafdfe0,0x00000000ddb00000)
  to   space 12800K, 0% used [0x00000000dff00000,0x00000000dff00000,0x00000000e0b80000)
 ParOldGen       total 52736K, used 7865K [0x0000000080000000, 0x0000000083380000, 0x00000000d5580000)
  object space 52736K, 14% used [0x0000000080000000,0x00000000807ae7c8,0x0000000083380000)
 Metaspace       used 34513K, capacity 35442K, committed 35496K, reserved 1079296K
  class space    used 4736K, capacity 5006K, committed 5040K, reserved 1048576K
}
Event: 6.218 GC heap before
{Heap before GC invocations=11 (full 1):
 PSYoungGen      total 136704K, used 13941K [0x00000000d5580000, 0x00000000e0b80000, 0x0000000100000000)
  eden space 125440K, 2% used [0x00000000d5580000,0x00000000d581f4e0,0x00000000dd000000)
  from space 11264K, 99% used [0x00000000dd000000,0x00000000ddafdfe0,0x00000000ddb00000)
  to   space 12800K, 0% used [0x00000000dff00000,0x00000000dff00000,0x00000000e0b80000)
 ParOldGen       total 52736K, used 7865K [0x0000000080000000, 0x0000000083380000, 0x00000000d5580000)
  object space 52736K, 14% used [0x0000000080000000,0x00000000807ae7c8,0x0000000083380000)
 Metaspace       used 34539K, capacity 35442K, committed 35496K, reserved 1079296K
  class space    used 4737K, capacity 5006K, committed 5040K, reserved 1048576K
Event: 6.225 GC heap after
Heap after GC invocations=11 (full 1):
 PSYoungGen      total 138240K, used 3360K [0x00000000d5580000, 0x00000000e0b80000, 0x0000000100000000)
  eden space 125440K, 0% used [0x00000000d5580000,0x00000000d5580000,0x00000000dd000000)
  from space 12800K, 26% used [0x00000000dff00000,0x00000000e0248000,0x00000000e0b80000)
  to   space 11264K, 0% used [0x00000000dd000000,0x00000000dd000000,0x00000000ddb00000)
 ParOldGen       total 52736K, used 11032K [0x0000000080000000, 0x0000000083380000, 0x00000000d5580000)
  object space 52736K, 20% used [0x0000000080000000,0x0000000080ac6328,0x0000000083380000)
 Metaspace       used 34539K, capacity 35442K, committed 35496K, reserved 1079296K
  class space    used 4737K, capacity 5006K, committed 5040K, reserved 1048576K
}
Event: 6.225 GC heap before
{Heap before GC invocations=12 (full 2):
 PSYoungGen      total 138240K, used 3360K [0x00000000d5580000, 0x00000000e0b80000, 0x0000000100000000)
  eden space 125440K, 0% used [0x00000000d5580000,0x00000000d5580000,0x00000000dd000000)
  from space 12800K, 26% used [0x00000000dff00000,0x00000000e0248000,0x00000000e0b80000)
  to   space 11264K, 0% used [0x00000000dd000000,0x00000000dd000000,0x00000000ddb00000)
 ParOldGen       total 52736K, used 11032K [0x0000000080000000, 0x0000000083380000, 0x00000000d5580000)
  object space 52736K, 20% used [0x0000000080000000,0x0000000080ac6328,0x0000000083380000)
 Metaspace       used 34539K, capacity 35442K, committed 35496K, reserved 1079296K
  class space    used 4737K, capacity 5006K, committed 5040K, reserved 1048576K
Event: 6.296 GC heap after
Heap after GC invocations=12 (full 2):
 PSYoungGen      total 138240K, used 0K [0x00000000d5580000, 0x00000000e0b80000, 0x0000000100000000)
  eden space 125440K, 0% used [0x00000000d5580000,0x00000000d5580000,0x00000000dd000000)
  from space 12800K, 0% used [0x00000000dff00000,0x00000000dff00000,0x00000000e0b80000)
  to   space 11264K, 0% used [0x00000000dd000000,0x00000000dd000000,0x00000000ddb00000)
 ParOldGen       total 65024K, used 13500K [0x0000000080000000, 0x0000000083f80000, 0x00000000d5580000)
  object space 65024K, 20% used [0x0000000080000000,0x0000000080d2f340,0x0000000083f80000)
 Metaspace       used 34539K, capacity 35442K, committed 35496K, reserved 1079296K
  class space    used 4737K, capacity 5006K, committed 5040K, reserved 1048576K
}

