# JRE version: OpenJDK Runtime Environment (8.0_242-b01) (build 1.8.0_242-release-1644-b01)
# Java VM: OpenJDK 64-Bit Server VM (25.242-b01 mixed mode windows-amd64 compressed oops)
Heap:
 PSYoungGen      total 74752K, used 57697K [0x00000000d5580000, 0x00000000ddc00000, 0x0000000100000000)
  eden space 64512K, 76% used [0x00000000d5580000,0x00000000d85ec530,0x00000000d9480000)
  from space 10240K, 79% used [0x00000000d9f80000,0x00000000da76c210,0x00000000da980000)
  to   space 11264K, 0% used [0x00000000d9480000,0x00000000d9480000,0x00000000d9f80000)
 ParOldGen       total 50688K, used 7514K [0x0000000080000000, 0x0000000083180000, 0x00000000d5580000)
  object space 50688K, 14% used [0x0000000080000000,0x0000000080756840,0x0000000083180000)
 Metaspace       used 31810K, capacity 32600K, committed 32816K, reserved 1077248K
  class space    used 4317K, capacity 4546K, committed 4656K, reserved 1048576K
GC Heap History (10 events):
Event: 4.283 GC heap before
{Heap before GC invocations=5 (full 0):
 PSYoungGen      total 37888K, used 37880K [0x00000000d5580000, 0x00000000d7f80000, 0x0000000100000000)
  eden space 32768K, 100% used [0x00000000d5580000,0x00000000d7580000,0x00000000d7580000)
  from space 5120K, 99% used [0x00000000d7a80000,0x00000000d7f7e230,0x00000000d7f80000)
  to   space 5120K, 0% used [0x00000000d7580000,0x00000000d7580000,0x00000000d7a80000)
 ParOldGen       total 86016K, used 3603K [0x0000000080000000, 0x0000000085400000, 0x00000000d5580000)
  object space 86016K, 4% used [0x0000000080000000,0x0000000080384e70,0x0000000085400000)
 Metaspace       used 17283K, capacity 17832K, committed 18176K, reserved 1064960K
  class space    used 2359K, capacity 2530K, committed 2560K, reserved 1048576K
Event: 4.295 GC heap after
Heap after GC invocations=5 (full 0):
 PSYoungGen      total 37888K, used 5113K [0x00000000d5580000, 0x00000000da980000, 0x0000000100000000)
  eden space 32768K, 0% used [0x00000000d5580000,0x00000000d5580000,0x00000000d7580000)
  from space 5120K, 99% used [0x00000000d7580000,0x00000000d7a7e620,0x00000000d7a80000)
  to   space 10240K, 0% used [0x00000000d9f80000,0x00000000d9f80000,0x00000000da980000)
 ParOldGen       total 86016K, used 6851K [0x0000000080000000, 0x0000000085400000, 0x00000000d5580000)
  object space 86016K, 7% used [0x0000000080000000,0x00000000806b0ec0,0x0000000085400000)
 Metaspace       used 17283K, capacity 17832K, committed 18176K, reserved 1064960K
  class space    used 2359K, capacity 2530K, committed 2560K, reserved 1048576K
}
Event: 4.925 GC heap before
{Heap before GC invocations=6 (full 0):
 PSYoungGen      total 37888K, used 37881K [0x00000000d5580000, 0x00000000da980000, 0x0000000100000000)
  eden space 32768K, 100% used [0x00000000d5580000,0x00000000d7580000,0x00000000d7580000)
  from space 5120K, 99% used [0x00000000d7580000,0x00000000d7a7e620,0x00000000d7a80000)
  to   space 10240K, 0% used [0x00000000d9f80000,0x00000000d9f80000,0x00000000da980000)
 ParOldGen       total 86016K, used 6851K [0x0000000080000000, 0x0000000085400000, 0x00000000d5580000)
  object space 86016K, 7% used [0x0000000080000000,0x00000000806b0ec0,0x0000000085400000)
 Metaspace       used 20206K, capacity 20844K, committed 20992K, reserved 1067008K
  class space    used 2825K, capacity 3022K, committed 3072K, reserved 1048576K
Event: 4.936 GC heap after
Heap after GC invocations=6 (full 0):
 PSYoungGen      total 74752K, used 8840K [0x00000000d5580000, 0x00000000dab80000, 0x0000000100000000)
  eden space 64512K, 0% used [0x00000000d5580000,0x00000000d5580000,0x00000000d9480000)
  from space 10240K, 86% used [0x00000000d9f80000,0x00000000da8221b0,0x00000000da980000)
  to   space 11264K, 0% used [0x00000000d9480000,0x00000000d9480000,0x00000000d9f80000)
 ParOldGen       total 86016K, used 6859K [0x0000000080000000, 0x0000000085400000, 0x00000000d5580000)
  object space 86016K, 7% used [0x0000000080000000,0x00000000806b2ec0,0x0000000085400000)
 Metaspace       used 20206K, capacity 20844K, committed 20992K, reserved 1067008K
  class space    used 2825K, capacity 3022K, committed 3072K, reserved 1048576K
}
Event: 5.000 GC heap before
{Heap before GC invocations=7 (full 0):
 PSYoungGen      total 74752K, used 15041K [0x00000000d5580000, 0x00000000dab80000, 0x0000000100000000)
  eden space 64512K, 9% used [0x00000000d5580000,0x00000000d5b8e520,0x00000000d9480000)
  from space 10240K, 86% used [0x00000000d9f80000,0x00000000da8221b0,0x00000000da980000)
  to   space 11264K, 0% used [0x00000000d9480000,0x00000000d9480000,0x00000000d9f80000)
 ParOldGen       total 86016K, used 6859K [0x0000000080000000, 0x0000000085400000, 0x00000000d5580000)
  object space 86016K, 7% used [0x0000000080000000,0x00000000806b2ec0,0x0000000085400000)
 Metaspace       used 20592K, capacity 21240K, committed 21296K, reserved 1067008K
  class space    used 2880K, capacity 3088K, committed 3120K, reserved 1048576K
Event: 5.008 GC heap after
Heap after GC invocations=7 (full 0):
 PSYoungGen      total 75776K, used 4327K [0x00000000d5580000, 0x00000000dab80000, 0x0000000100000000)
  eden space 64512K, 0% used [0x00000000d5580000,0x00000000d5580000,0x00000000d9480000)
  from space 11264K, 38% used [0x00000000d9480000,0x00000000d98b9eb8,0x00000000d9f80000)
  to   space 10240K, 0% used [0x00000000d9f80000,0x00000000d9f80000,0x00000000da980000)
 ParOldGen       total 86016K, used 9265K [0x0000000080000000, 0x0000000085400000, 0x00000000d5580000)
  object space 86016K, 10% used [0x0000000080000000,0x000000008090c530,0x0000000085400000)
 Metaspace       used 20592K, capacity 21240K, committed 21296K, reserved 1067008K
  class space    used 2880K, capacity 3088K, committed 3120K, reserved 1048576K
}
Event: 5.008 GC heap before
{Heap before GC invocations=8 (full 1):
 PSYoungGen      total 75776K, used 4327K [0x00000000d5580000, 0x00000000dab80000, 0x0000000100000000)
  eden space 64512K, 0% used [0x00000000d5580000,0x00000000d5580000,0x00000000d9480000)
  from space 11264K, 38% used [0x00000000d9480000,0x00000000d98b9eb8,0x00000000d9f80000)
  to   space 10240K, 0% used [0x00000000d9f80000,0x00000000d9f80000,0x00000000da980000)
 ParOldGen       total 86016K, used 9265K [0x0000000080000000, 0x0000000085400000, 0x00000000d5580000)
  object space 86016K, 10% used [0x0000000080000000,0x000000008090c530,0x0000000085400000)
 Metaspace       used 20592K, capacity 21240K, committed 21296K, reserved 1067008K
  class space    used 2880K, capacity 3088K, committed 3120K, reserved 1048576K
Event: 5.052 GC heap after
Heap after GC invocations=8 (full 1):
 PSYoungGen      total 75776K, used 0K [0x00000000d5580000, 0x00000000dab80000, 0x0000000100000000)
  eden space 64512K, 0% used [0x00000000d5580000,0x00000000d5580000,0x00000000d9480000)
  from space 11264K, 0% used [0x00000000d9480000,0x00000000d9480000,0x00000000d9f80000)
  to   space 10240K, 0% used [0x00000000d9f80000,0x00000000d9f80000,0x00000000da980000)
 ParOldGen       total 50688K, used 7506K [0x0000000080000000, 0x0000000083180000, 0x00000000d5580000)
  object space 50688K, 14% used [0x0000000080000000,0x0000000080754840,0x0000000083180000)
 Metaspace       used 20592K, capacity 21240K, committed 21296K, reserved 1067008K
  class space    used 2880K, capacity 3088K, committed 3120K, reserved 1048576K
}
Event: 6.014 GC heap before
{Heap before GC invocations=9 (full 1):
 PSYoungGen      total 75776K, used 64512K [0x00000000d5580000, 0x00000000dab80000, 0x0000000100000000)
  eden space 64512K, 100% used [0x00000000d5580000,0x00000000d9480000,0x00000000d9480000)
  from space 11264K, 0% used [0x00000000d9480000,0x00000000d9480000,0x00000000d9f80000)
  to   space 10240K, 0% used [0x00000000d9f80000,0x00000000d9f80000,0x00000000da980000)
 ParOldGen       total 50688K, used 7506K [0x0000000080000000, 0x0000000083180000, 0x00000000d5580000)
  object space 50688K, 14% used [0x0000000080000000,0x0000000080754840,0x0000000083180000)
 Metaspace       used 28212K, capacity 28928K, committed 29232K, reserved 1075200K
  class space    used 3891K, capacity 4131K, committed 4144K, reserved 1048576K
Event: 6.022 GC heap after
Heap after GC invocations=9 (full 1):
 PSYoungGen      total 74752K, used 8112K [0x00000000d5580000, 0x00000000ddc00000, 0x0000000100000000)
  eden space 64512K, 0% used [0x00000000d5580000,0x00000000d5580000,0x00000000d9480000)
  from space 10240K, 79% used [0x00000000d9f80000,0x00000000da76c210,0x00000000da980000)
  to   space 11264K, 0% used [0x00000000d9480000,0x00000000d9480000,0x00000000d9f80000)
 ParOldGen       total 50688K, used 7514K [0x0000000080000000, 0x0000000083180000, 0x00000000d5580000)
  object space 50688K, 14% used [0x0000000080000000,0x0000000080756840,0x0000000083180000)
 Metaspace       used 28212K, capacity 28928K, committed 29232K, reserved 1075200K
  class space    used 3891K, capacity 4131K, committed 4144K, reserved 1048576K
}

