# JRE version: OpenJDK Runtime Environment (8.0_242-b01) (build 1.8.0_242-release-1644-b01)
# Java VM: OpenJDK 64-Bit Server VM (25.242-b01 mixed mode windows-amd64 compressed oops)
Heap:
 PSYoungGen      total 173568K, used 149123K [0x00000000d5580000, 0x00000000e1080000, 0x0000000100000000)
  eden space 160768K, 84% used [0x00000000d5580000,0x00000000ddaa1c58,0x00000000df280000)
  from space 12800K, 99% used [0x00000000e0280000,0x00000000e0eff0c8,0x00000000e0f00000)
  to   space 15360K, 0% used [0x00000000df280000,0x00000000df280000,0x00000000e0180000)
 ParOldGen       total 51712K, used 40975K [0x0000000080000000, 0x0000000083280000, 0x00000000d5580000)
  object space 51712K, 79% used [0x0000000080000000,0x0000000082803e88,0x0000000083280000)
 Metaspace       used 71331K, capacity 74650K, committed 74792K, reserved 1114112K
  class space    used 9531K, capacity 10210K, committed 10288K, reserved 1048576K
GC Heap History (10 events):
Event: 6.859 GC heap before
{Heap before GC invocations=11 (full 2):
 PSYoungGen      total 136704K, used 11260K [0x00000000d5580000, 0x00000000e0f00000, 0x0000000100000000)
  eden space 125440K, 0% used [0x00000000d5580000,0x00000000d5580000,0x00000000dd000000)
  from space 11264K, 99% used [0x00000000dd000000,0x00000000ddaff2f0,0x00000000ddb00000)
  to   space 12800K, 0% used [0x00000000e0280000,0x00000000e0280000,0x00000000e0f00000)
 ParOldGen       total 51712K, used 7805K [0x0000000080000000, 0x0000000083280000, 0x00000000d5580000)
  object space 51712K, 15% used [0x0000000080000000,0x000000008079f620,0x0000000083280000)
 Metaspace       used 34541K, capacity 35442K, committed 35496K, reserved 1079296K
  class space    used 4737K, capacity 5006K, committed 5040K, reserved 1048576K
Event: 6.940 GC heap after
Heap after GC invocations=11 (full 2):
 PSYoungGen      total 136704K, used 0K [0x00000000d5580000, 0x00000000e0f00000, 0x0000000100000000)
  eden space 125440K, 0% used [0x00000000d5580000,0x00000000d5580000,0x00000000dd000000)
  from space 11264K, 0% used [0x00000000dd000000,0x00000000dd000000,0x00000000ddb00000)
  to   space 12800K, 0% used [0x00000000e0280000,0x00000000e0280000,0x00000000e0f00000)
 ParOldGen       total 51712K, used 18248K [0x0000000080000000, 0x0000000083280000, 0x00000000d5580000)
  object space 51712K, 35% used [0x0000000080000000,0x00000000811d20d0,0x0000000083280000)
 Metaspace       used 34541K, capacity 35442K, committed 35496K, reserved 1079296K
  class space    used 4737K, capacity 5006K, committed 5040K, reserved 1048576K
}
Event: 9.272 GC heap before
{Heap before GC invocations=12 (full 2):
 PSYoungGen      total 136704K, used 125440K [0x00000000d5580000, 0x00000000e0f00000, 0x0000000100000000)
  eden space 125440K, 100% used [0x00000000d5580000,0x00000000dd000000,0x00000000dd000000)
  from space 11264K, 0% used [0x00000000dd000000,0x00000000dd000000,0x00000000ddb00000)
  to   space 12800K, 0% used [0x00000000e0280000,0x00000000e0280000,0x00000000e0f00000)
 ParOldGen       total 51712K, used 18248K [0x0000000080000000, 0x0000000083280000, 0x00000000d5580000)
  object space 51712K, 35% used [0x0000000080000000,0x00000000811d20d0,0x0000000083280000)
 Metaspace       used 45002K, capacity 46496K, committed 46760K, reserved 1089536K
  class space    used 6093K, capacity 6464K, committed 6576K, reserved 1048576K
Event: 9.290 GC heap after
Heap after GC invocations=12 (full 2):
 PSYoungGen      total 173568K, used 12798K [0x00000000d5580000, 0x00000000e1080000, 0x0000000100000000)
  eden space 160768K, 0% used [0x00000000d5580000,0x00000000d5580000,0x00000000df280000)
  from space 12800K, 99% used [0x00000000e0280000,0x00000000e0eff9b0,0x00000000e0f00000)
  to   space 15360K, 0% used [0x00000000df280000,0x00000000df280000,0x00000000e0180000)
 ParOldGen       total 51712K, used 20433K [0x0000000080000000, 0x0000000083280000, 0x00000000d5580000)
  object space 51712K, 39% used [0x0000000080000000,0x00000000813f46c0,0x0000000083280000)
 Metaspace       used 45002K, capacity 46496K, committed 46760K, reserved 1089536K
  class space    used 6093K, capacity 6464K, committed 6576K, reserved 1048576K
}
Event: 11.695 GC heap before
{Heap before GC invocations=13 (full 2):
 PSYoungGen      total 173568K, used 153256K [0x00000000d5580000, 0x00000000e1080000, 0x0000000100000000)
  eden space 160768K, 87% used [0x00000000d5580000,0x00000000ddeaa900,0x00000000df280000)
  from space 12800K, 99% used [0x00000000e0280000,0x00000000e0eff9b0,0x00000000e0f00000)
  to   space 15360K, 0% used [0x00000000df280000,0x00000000df280000,0x00000000e0180000)
 ParOldGen       total 51712K, used 20433K [0x0000000080000000, 0x0000000083280000, 0x00000000d5580000)
  object space 51712K, 39% used [0x0000000080000000,0x00000000813f46c0,0x0000000083280000)
 Metaspace       used 57008K, capacity 59040K, committed 59160K, reserved 1099776K
  class space    used 7815K, capacity 8287K, committed 8368K, reserved 1048576K
Event: 11.726 GC heap after
Heap after GC invocations=13 (full 2):
 PSYoungGen      total 176128K, used 15345K [0x00000000d5580000, 0x00000000e1080000, 0x0000000100000000)
  eden space 160768K, 0% used [0x00000000d5580000,0x00000000d5580000,0x00000000df280000)
  from space 15360K, 99% used [0x00000000df280000,0x00000000e017c748,0x00000000e0180000)
  to   space 12800K, 0% used [0x00000000e0280000,0x00000000e0280000,0x00000000e0f00000)
 ParOldGen       total 51712K, used 29321K [0x0000000080000000, 0x0000000083280000, 0x00000000d5580000)
  object space 51712K, 56% used [0x0000000080000000,0x0000000081ca24d0,0x0000000083280000)
 Metaspace       used 57008K, capacity 59040K, committed 59160K, reserved 1099776K
  class space    used 7815K, capacity 8287K, committed 8368K, reserved 1048576K
}
Event: 11.726 GC heap before
{Heap before GC invocations=14 (full 3):
 PSYoungGen      total 176128K, used 15345K [0x00000000d5580000, 0x00000000e1080000, 0x0000000100000000)
  eden space 160768K, 0% used [0x00000000d5580000,0x00000000d5580000,0x00000000df280000)
  from space 15360K, 99% used [0x00000000df280000,0x00000000e017c748,0x00000000e0180000)
  to   space 12800K, 0% used [0x00000000e0280000,0x00000000e0280000,0x00000000e0f00000)
 ParOldGen       total 51712K, used 29321K [0x0000000080000000, 0x0000000083280000, 0x00000000d5580000)
  object space 51712K, 56% used [0x0000000080000000,0x0000000081ca24d0,0x0000000083280000)
 Metaspace       used 57008K, capacity 59040K, committed 59160K, reserved 1099776K
  class space    used 7815K, capacity 8287K, committed 8368K, reserved 1048576K
Event: 11.990 GC heap after
Heap after GC invocations=14 (full 3):
 PSYoungGen      total 176128K, used 0K [0x00000000d5580000, 0x00000000e1080000, 0x0000000100000000)
  eden space 160768K, 0% used [0x00000000d5580000,0x00000000d5580000,0x00000000df280000)
  from space 15360K, 0% used [0x00000000df280000,0x00000000df280000,0x00000000e0180000)
  to   space 12800K, 0% used [0x00000000e0280000,0x00000000e0280000,0x00000000e0f00000)
 ParOldGen       total 51712K, used 36045K [0x0000000080000000, 0x0000000083280000, 0x00000000d5580000)
  object space 51712K, 69% used [0x0000000080000000,0x0000000082333528,0x0000000083280000)
 Metaspace       used 56981K, capacity 58944K, committed 59160K, reserved 1099776K
  class space    used 7806K, capacity 8271K, committed 8368K, reserved 1048576K
}
Event: 14.857 GC heap before
{Heap before GC invocations=15 (full 3):
 PSYoungGen      total 176128K, used 160768K [0x00000000d5580000, 0x00000000e1080000, 0x0000000100000000)
  eden space 160768K, 100% used [0x00000000d5580000,0x00000000df280000,0x00000000df280000)
  from space 15360K, 0% used [0x00000000df280000,0x00000000df280000,0x00000000e0180000)
  to   space 12800K, 0% used [0x00000000e0280000,0x00000000e0280000,0x00000000e0f00000)
 ParOldGen       total 51712K, used 36045K [0x0000000080000000, 0x0000000083280000, 0x00000000d5580000)
  object space 51712K, 69% used [0x0000000080000000,0x0000000082333528,0x0000000083280000)
 Metaspace       used 65887K, capacity 68964K, committed 69160K, reserved 1107968K
  class space    used 9115K, capacity 9751K, committed 9776K, reserved 1048576K
Event: 14.877 GC heap after
Heap after GC invocations=15 (full 3):
 PSYoungGen      total 173568K, used 12796K [0x00000000d5580000, 0x00000000e1080000, 0x0000000100000000)
  eden space 160768K, 0% used [0x00000000d5580000,0x00000000d5580000,0x00000000df280000)
  from space 12800K, 99% used [0x00000000e0280000,0x00000000e0eff0c8,0x00000000e0f00000)
  to   space 15360K, 0% used [0x00000000df280000,0x00000000df280000,0x00000000e0180000)
 ParOldGen       total 51712K, used 40975K [0x0000000080000000, 0x0000000083280000, 0x00000000d5580000)
  object space 51712K, 79% used [0x0000000080000000,0x0000000082803e88,0x0000000083280000)
 Metaspace       used 65887K, capacity 68964K, committed 69160K, reserved 1107968K
  class space    used 9115K, capacity 9751K, committed 9776K, reserved 1048576K
}

