# JRE version: OpenJDK Runtime Environment (8.0_242-b01) (build 1.8.0_242-release-1644-b01)
# Java VM: OpenJDK 64-Bit Server VM (25.242-b01 mixed mode windows-amd64 compressed oops)
Heap:
 PSYoungGen      total 277504K, used 87889K [0x00000000d5580000, 0x00000000e8580000, 0x0000000100000000)
  eden space 247296K, 27% used [0x00000000d5580000,0x00000000d98b22c0,0x00000000e4700000)
  from space 30208K, 63% used [0x00000000e6500000,0x00000000e77a23c0,0x00000000e8280000)
  to   space 30720K, 0% used [0x00000000e4700000,0x00000000e4700000,0x00000000e6500000)
 ParOldGen       total 118784K, used 67863K [0x0000000080000000, 0x0000000087400000, 0x00000000d5580000)
  object space 118784K, 57% used [0x0000000080000000,0x0000000084245fa8,0x0000000087400000)
 Metaspace       used 86839K, capacity 91856K, committed 91944K, reserved 1128448K
  class space    used 11647K, capacity 12575K, committed 12592K, reserved 1048576K
GC Heap History (10 events):
Event: 10.340 GC heap before
{Heap before GC invocations=13 (full 2):
 PSYoungGen      total 178688K, used 153847K [0x00000000d5580000, 0x00000000e1580000, 0x0000000100000000)
  eden space 165888K, 85% used [0x00000000d5580000,0x00000000ddf3fd00,0x00000000df780000)
  from space 12800K, 99% used [0x00000000e0880000,0x00000000e14fe270,0x00000000e1500000)
  to   space 15360K, 0% used [0x00000000df780000,0x00000000df780000,0x00000000e0680000)
 ParOldGen       total 78848K, used 20236K [0x0000000080000000, 0x0000000084d00000, 0x00000000d5580000)
  object space 78848K, 25% used [0x0000000080000000,0x00000000813c3200,0x0000000084d00000)
 Metaspace       used 56976K, capacity 59064K, committed 59160K, reserved 1099776K
  class space    used 7809K, capacity 8291K, committed 8368K, reserved 1048576K
Event: 10.380 GC heap after
Heap after GC invocations=13 (full 2):
 PSYoungGen      total 181248K, used 15351K [0x00000000d5580000, 0x00000000e5000000, 0x0000000100000000)
  eden space 165888K, 0% used [0x00000000d5580000,0x00000000d5580000,0x00000000df780000)
  from space 15360K, 99% used [0x00000000df780000,0x00000000e067dd30,0x00000000e0680000)
  to   space 20480K, 0% used [0x00000000e3c00000,0x00000000e3c00000,0x00000000e5000000)
 ParOldGen       total 78848K, used 29252K [0x0000000080000000, 0x0000000084d00000, 0x00000000d5580000)
  object space 78848K, 37% used [0x0000000080000000,0x0000000081c91128,0x0000000084d00000)
 Metaspace       used 56976K, capacity 59064K, committed 59160K, reserved 1099776K
  class space    used 7809K, capacity 8291K, committed 8368K, reserved 1048576K
}
Event: 10.380 GC heap before
{Heap before GC invocations=14 (full 3):
 PSYoungGen      total 181248K, used 15351K [0x00000000d5580000, 0x00000000e5000000, 0x0000000100000000)
  eden space 165888K, 0% used [0x00000000d5580000,0x00000000d5580000,0x00000000df780000)
  from space 15360K, 99% used [0x00000000df780000,0x00000000e067dd30,0x00000000e0680000)
  to   space 20480K, 0% used [0x00000000e3c00000,0x00000000e3c00000,0x00000000e5000000)
 ParOldGen       total 78848K, used 29252K [0x0000000080000000, 0x0000000084d00000, 0x00000000d5580000)
  object space 78848K, 37% used [0x0000000080000000,0x0000000081c91128,0x0000000084d00000)
 Metaspace       used 56976K, capacity 59064K, committed 59160K, reserved 1099776K
  class space    used 7809K, capacity 8291K, committed 8368K, reserved 1048576K
Event: 10.654 GC heap after
Heap after GC invocations=14 (full 3):
 PSYoungGen      total 181248K, used 0K [0x00000000d5580000, 0x00000000e5000000, 0x0000000100000000)
  eden space 165888K, 0% used [0x00000000d5580000,0x00000000d5580000,0x00000000df780000)
  from space 15360K, 0% used [0x00000000df780000,0x00000000df780000,0x00000000e0680000)
  to   space 20480K, 0% used [0x00000000e3c00000,0x00000000e3c00000,0x00000000e5000000)
 ParOldGen       total 118784K, used 36195K [0x0000000080000000, 0x0000000087400000, 0x00000000d5580000)
  object space 118784K, 30% used [0x0000000080000000,0x0000000082358c68,0x0000000087400000)
 Metaspace       used 56941K, capacity 58944K, committed 59160K, reserved 1099776K
  class space    used 7798K, capacity 8271K, committed 8368K, reserved 1048576K
}
Event: 14.243 GC heap before
{Heap before GC invocations=15 (full 3):
 PSYoungGen      total 181248K, used 165888K [0x00000000d5580000, 0x00000000e5000000, 0x0000000100000000)
  eden space 165888K, 100% used [0x00000000d5580000,0x00000000df780000,0x00000000df780000)
  from space 15360K, 0% used [0x00000000df780000,0x00000000df780000,0x00000000e0680000)
  to   space 20480K, 0% used [0x00000000e3c00000,0x00000000e3c00000,0x00000000e5000000)
 ParOldGen       total 118784K, used 36195K [0x0000000080000000, 0x0000000087400000, 0x00000000d5580000)
  object space 118784K, 30% used [0x0000000080000000,0x0000000082358c68,0x0000000087400000)
 Metaspace       used 62735K, capacity 65516K, committed 65832K, reserved 1105920K
  class space    used 8633K, capacity 9207K, committed 9264K, reserved 1048576K
Event: 14.293 GC heap after
Heap after GC invocations=15 (full 3):
 PSYoungGen      total 225792K, used 19558K [0x00000000d5580000, 0x00000000e4f80000, 0x0000000100000000)
  eden space 205824K, 0% used [0x00000000d5580000,0x00000000d5580000,0x00000000e1e80000)
  from space 19968K, 97% used [0x00000000e3c00000,0x00000000e4f19b48,0x00000000e4f80000)
  to   space 23040K, 0% used [0x00000000e2280000,0x00000000e2280000,0x00000000e3900000)
 ParOldGen       total 118784K, used 36203K [0x0000000080000000, 0x0000000087400000, 0x00000000d5580000)
  object space 118784K, 30% used [0x0000000080000000,0x000000008235ac68,0x0000000087400000)
 Metaspace       used 62735K, capacity 65516K, committed 65832K, reserved 1105920K
  class space    used 8633K, capacity 9207K, committed 9264K, reserved 1048576K
}
Event: 184.573 GC heap before
{Heap before GC invocations=16 (full 3):
 PSYoungGen      total 225792K, used 225382K [0x00000000d5580000, 0x00000000e4f80000, 0x0000000100000000)
  eden space 205824K, 100% used [0x00000000d5580000,0x00000000e1e80000,0x00000000e1e80000)
  from space 19968K, 97% used [0x00000000e3c00000,0x00000000e4f19b48,0x00000000e4f80000)
  to   space 23040K, 0% used [0x00000000e2280000,0x00000000e2280000,0x00000000e3900000)
 ParOldGen       total 118784K, used 36203K [0x0000000080000000, 0x0000000087400000, 0x00000000d5580000)
  object space 118784K, 30% used [0x0000000080000000,0x000000008235ac68,0x0000000087400000)
 Metaspace       used 70750K, capacity 73956K, committed 74152K, reserved 1114112K
  class space    used 9409K, capacity 10059K, committed 10160K, reserved 1048576K
Event: 184.700 GC heap after
Heap after GC invocations=16 (full 3):
 PSYoungGen      total 232960K, used 23016K [0x00000000d5580000, 0x00000000e8280000, 0x0000000100000000)
  eden space 209920K, 0% used [0x00000000d5580000,0x00000000d5580000,0x00000000e2280000)
  from space 23040K, 99% used [0x00000000e2280000,0x00000000e38fa050,0x00000000e3900000)
  to   space 30208K, 0% used [0x00000000e6500000,0x00000000e6500000,0x00000000e8280000)
 ParOldGen       total 118784K, used 45659K [0x0000000080000000, 0x0000000087400000, 0x00000000d5580000)
  object space 118784K, 38% used [0x0000000080000000,0x0000000082c96c78,0x0000000087400000)
 Metaspace       used 70750K, capacity 73956K, committed 74152K, reserved 1114112K
  class space    used 9409K, capacity 10059K, committed 10160K, reserved 1048576K
}
Event: 189.301 GC heap before
{Heap before GC invocations=17 (full 3):
 PSYoungGen      total 232960K, used 232936K [0x00000000d5580000, 0x00000000e8280000, 0x0000000100000000)
  eden space 209920K, 100% used [0x00000000d5580000,0x00000000e2280000,0x00000000e2280000)
  from space 23040K, 99% used [0x00000000e2280000,0x00000000e38fa050,0x00000000e3900000)
  to   space 30208K, 0% used [0x00000000e6500000,0x00000000e6500000,0x00000000e8280000)
 ParOldGen       total 118784K, used 45659K [0x0000000080000000, 0x0000000087400000, 0x00000000d5580000)
  object space 118784K, 38% used [0x0000000080000000,0x0000000082c96c78,0x0000000087400000)
 Metaspace       used 85358K, capacity 89876K, committed 90152K, reserved 1126400K
  class space    used 11437K, capacity 12263K, committed 12336K, reserved 1048576K
Event: 189.349 GC heap after
Heap after GC invocations=17 (full 3):
 PSYoungGen      total 277504K, used 19080K [0x00000000d5580000, 0x00000000e8580000, 0x0000000100000000)
  eden space 247296K, 0% used [0x00000000d5580000,0x00000000d5580000,0x00000000e4700000)
  from space 30208K, 63% used [0x00000000e6500000,0x00000000e77a23c0,0x00000000e8280000)
  to   space 30720K, 0% used [0x00000000e4700000,0x00000000e4700000,0x00000000e6500000)
 ParOldGen       total 118784K, used 67863K [0x0000000080000000, 0x0000000087400000, 0x00000000d5580000)
  object space 118784K, 57% used [0x0000000080000000,0x0000000084245fa8,0x0000000087400000)
 Metaspace       used 85358K, capacity 89876K, committed 90152K, reserved 1126400K
  class space    used 11437K, capacity 12263K, committed 12336K, reserved 1048576K
}

