# JRE version: OpenJDK Runtime Environment (8.0_242-b01) (build 1.8.0_242-release-1644-b01)
# Java VM: OpenJDK 64-Bit Server VM (25.242-b01 mixed mode windows-amd64 compressed oops)
Heap:
 PSYoungGen      total 137216K, used 9435K [0x00000000d5580000, 0x00000000e1380000, 0x0000000100000000)
  eden space 125952K, 7% used [0x00000000d5580000,0x00000000d5eb6d10,0x00000000dd080000)
  from space 11264K, 0% used [0x00000000dd080000,0x00000000dd080000,0x00000000ddb80000)
  to   space 12800K, 0% used [0x00000000e0700000,0x00000000e0700000,0x00000000e1380000)
 ParOldGen       total 52736K, used 18163K [0x0000000080000000, 0x0000000083380000, 0x00000000d5580000)
  object space 52736K, 34% used [0x0000000080000000,0x00000000811bcf10,0x0000000083380000)
 Metaspace       used 34692K, capacity 35594K, committed 35800K, reserved 1079296K
  class space    used 4761K, capacity 5008K, committed 5120K, reserved 1048576K
GC Heap History (10 events):
Event: 3.912 GC heap before
{Heap before GC invocations=7 (full 0):
 PSYoungGen      total 74752K, used 14013K [0x00000000d5580000, 0x00000000dab80000, 0x0000000100000000)
  eden space 64512K, 7% used [0x00000000d5580000,0x00000000d5a879e8,0x00000000d9480000)
  from space 10240K, 86% used [0x00000000d9f80000,0x00000000da827cc0,0x00000000da980000)
  to   space 11264K, 0% used [0x00000000d9480000,0x00000000d9480000,0x00000000d9f80000)
 ParOldGen       total 86016K, used 6911K [0x0000000080000000, 0x0000000085400000, 0x00000000d5580000)
  object space 86016K, 8% used [0x0000000080000000,0x00000000806bfd80,0x0000000085400000)
 Metaspace       used 20544K, capacity 21208K, committed 21248K, reserved 1067008K
  class space    used 2872K, capacity 3056K, committed 3072K, reserved 1048576K
Event: 3.917 GC heap after
Heap after GC invocations=7 (full 0):
 PSYoungGen      total 75776K, used 4186K [0x00000000d5580000, 0x00000000de980000, 0x0000000100000000)
  eden space 64512K, 0% used [0x00000000d5580000,0x00000000d5580000,0x00000000d9480000)
  from space 11264K, 37% used [0x00000000d9480000,0x00000000d98969d0,0x00000000d9f80000)
  to   space 11264K, 0% used [0x00000000dde80000,0x00000000dde80000,0x00000000de980000)
 ParOldGen       total 86016K, used 9384K [0x0000000080000000, 0x0000000085400000, 0x00000000d5580000)
  object space 86016K, 10% used [0x0000000080000000,0x000000008092a3d0,0x0000000085400000)
 Metaspace       used 20544K, capacity 21208K, committed 21248K, reserved 1067008K
  class space    used 2872K, capacity 3056K, committed 3072K, reserved 1048576K
}
Event: 3.917 GC heap before
{Heap before GC invocations=8 (full 1):
 PSYoungGen      total 75776K, used 4186K [0x00000000d5580000, 0x00000000de980000, 0x0000000100000000)
  eden space 64512K, 0% used [0x00000000d5580000,0x00000000d5580000,0x00000000d9480000)
  from space 11264K, 37% used [0x00000000d9480000,0x00000000d98969d0,0x00000000d9f80000)
  to   space 11264K, 0% used [0x00000000dde80000,0x00000000dde80000,0x00000000de980000)
 ParOldGen       total 86016K, used 9384K [0x0000000080000000, 0x0000000085400000, 0x00000000d5580000)
  object space 86016K, 10% used [0x0000000080000000,0x000000008092a3d0,0x0000000085400000)
 Metaspace       used 20544K, capacity 21208K, committed 21248K, reserved 1067008K
  class space    used 2872K, capacity 3056K, committed 3072K, reserved 1048576K
Event: 3.949 GC heap after
Heap after GC invocations=8 (full 1):
 PSYoungGen      total 75776K, used 0K [0x00000000d5580000, 0x00000000de980000, 0x0000000100000000)
  eden space 64512K, 0% used [0x00000000d5580000,0x00000000d5580000,0x00000000d9480000)
  from space 11264K, 0% used [0x00000000d9480000,0x00000000d9480000,0x00000000d9f80000)
  to   space 11264K, 0% used [0x00000000dde80000,0x00000000dde80000,0x00000000de980000)
 ParOldGen       total 52736K, used 9112K [0x0000000080000000, 0x0000000083380000, 0x00000000d5580000)
  object space 52736K, 17% used [0x0000000080000000,0x00000000808e6108,0x0000000083380000)
 Metaspace       used 20544K, capacity 21208K, committed 21248K, reserved 1067008K
  class space    used 2872K, capacity 3056K, committed 3072K, reserved 1048576K
}
Event: 4.638 GC heap before
{Heap before GC invocations=9 (full 1):
 PSYoungGen      total 75776K, used 64512K [0x00000000d5580000, 0x00000000de980000, 0x0000000100000000)
  eden space 64512K, 100% used [0x00000000d5580000,0x00000000d9480000,0x00000000d9480000)
  from space 11264K, 0% used [0x00000000d9480000,0x00000000d9480000,0x00000000d9f80000)
  to   space 11264K, 0% used [0x00000000dde80000,0x00000000dde80000,0x00000000de980000)
 ParOldGen       total 52736K, used 9112K [0x0000000080000000, 0x0000000083380000, 0x00000000d5580000)
  object space 52736K, 17% used [0x0000000080000000,0x00000000808e6108,0x0000000083380000)
 Metaspace       used 28220K, capacity 28928K, committed 29312K, reserved 1075200K
  class space    used 3894K, capacity 4131K, committed 4224K, reserved 1048576K
Event: 4.651 GC heap after
Heap after GC invocations=9 (full 1):
 PSYoungGen      total 123904K, used 8012K [0x00000000d5580000, 0x00000000de680000, 0x0000000100000000)
  eden space 115712K, 0% used [0x00000000d5580000,0x00000000d5580000,0x00000000dc680000)
  from space 8192K, 97% used [0x00000000dde80000,0x00000000de653178,0x00000000de680000)
  to   space 11264K, 0% used [0x00000000dd080000,0x00000000dd080000,0x00000000ddb80000)
 ParOldGen       total 52736K, used 9120K [0x0000000080000000, 0x0000000083380000, 0x00000000d5580000)
  object space 52736K, 17% used [0x0000000080000000,0x00000000808e8108,0x0000000083380000)
 Metaspace       used 28220K, capacity 28928K, committed 29312K, reserved 1075200K
  class space    used 3894K, capacity 4131K, committed 4224K, reserved 1048576K
}
Event: 5.873 GC heap before
{Heap before GC invocations=10 (full 1):
 PSYoungGen      total 123904K, used 122586K [0x00000000d5580000, 0x00000000de680000, 0x0000000100000000)
  eden space 115712K, 99% used [0x00000000d5580000,0x00000000dc563a18,0x00000000dc680000)
  from space 8192K, 97% used [0x00000000dde80000,0x00000000de653178,0x00000000de680000)
  to   space 11264K, 0% used [0x00000000dd080000,0x00000000dd080000,0x00000000ddb80000)
 ParOldGen       total 52736K, used 9120K [0x0000000080000000, 0x0000000083380000, 0x00000000d5580000)
  object space 52736K, 17% used [0x0000000080000000,0x00000000808e8108,0x0000000083380000)
 Metaspace       used 34481K, capacity 35394K, committed 35416K, reserved 1079296K
  class space    used 4731K, capacity 4972K, committed 4992K, reserved 1048576K
Event: 5.887 GC heap after
Heap after GC invocations=10 (full 1):
 PSYoungGen      total 137216K, used 11246K [0x00000000d5580000, 0x00000000e1380000, 0x0000000100000000)
  eden space 125952K, 0% used [0x00000000d5580000,0x00000000d5580000,0x00000000dd080000)
  from space 11264K, 99% used [0x00000000dd080000,0x00000000ddb7bba8,0x00000000ddb80000)
  to   space 12800K, 0% used [0x00000000e0700000,0x00000000e0700000,0x00000000e1380000)
 ParOldGen       total 52736K, used 9488K [0x0000000080000000, 0x0000000083380000, 0x00000000d5580000)
  object space 52736K, 17% used [0x0000000080000000,0x00000000809441e0,0x0000000083380000)
 Metaspace       used 34481K, capacity 35394K, committed 35416K, reserved 1079296K
  class space    used 4731K, capacity 4972K, committed 4992K, reserved 1048576K
}
Event: 5.887 GC heap before
{Heap before GC invocations=11 (full 2):
 PSYoungGen      total 137216K, used 11246K [0x00000000d5580000, 0x00000000e1380000, 0x0000000100000000)
  eden space 125952K, 0% used [0x00000000d5580000,0x00000000d5580000,0x00000000dd080000)
  from space 11264K, 99% used [0x00000000dd080000,0x00000000ddb7bba8,0x00000000ddb80000)
  to   space 12800K, 0% used [0x00000000e0700000,0x00000000e0700000,0x00000000e1380000)
 ParOldGen       total 52736K, used 9488K [0x0000000080000000, 0x0000000083380000, 0x00000000d5580000)
  object space 52736K, 17% used [0x0000000080000000,0x00000000809441e0,0x0000000083380000)
 Metaspace       used 34481K, capacity 35394K, committed 35416K, reserved 1079296K
  class space    used 4731K, capacity 4972K, committed 4992K, reserved 1048576K
Event: 5.962 GC heap after
Heap after GC invocations=11 (full 2):
 PSYoungGen      total 137216K, used 0K [0x00000000d5580000, 0x00000000e1380000, 0x0000000100000000)
  eden space 125952K, 0% used [0x00000000d5580000,0x00000000d5580000,0x00000000dd080000)
  from space 11264K, 0% used [0x00000000dd080000,0x00000000dd080000,0x00000000ddb80000)
  to   space 12800K, 0% used [0x00000000e0700000,0x00000000e0700000,0x00000000e1380000)
 ParOldGen       total 52736K, used 18163K [0x0000000080000000, 0x0000000083380000, 0x00000000d5580000)
  object space 52736K, 34% used [0x0000000080000000,0x00000000811bcf10,0x0000000083380000)
 Metaspace       used 34481K, capacity 35394K, committed 35416K, reserved 1079296K
  class space    used 4731K, capacity 4972K, committed 4992K, reserved 1048576K
}

