# JRE version: OpenJDK Runtime Environment (8.0_242-b01) (build 1.8.0_242-release-1644-b01)
# Java VM: OpenJDK 64-Bit Server VM (25.242-b01 mixed mode windows-amd64 compressed oops)
Heap:
 PSYoungGen      total 244736K, used 73031K [0x00000000d5580000, 0x00000000ea900000, 0x0000000100000000)
  eden space 212480K, 19% used [0x00000000d5580000,0x00000000d7d53020,0x00000000e2500000)
  from space 32256K, 99% used [0x00000000e4e80000,0x00000000e6dfec00,0x00000000e6e00000)
  to   space 42496K, 0% used [0x00000000e2500000,0x00000000e2500000,0x00000000e4e80000)
 ParOldGen       total 122368K, used 81273K [0x0000000080000000, 0x0000000087780000, 0x00000000d5580000)
  object space 122368K, 66% used [0x0000000080000000,0x0000000084f5e4e0,0x0000000087780000)
 Metaspace       used 91000K, capacity 96810K, committed 96936K, reserved 1132544K
  class space    used 12192K, capacity 13230K, committed 13232K, reserved 1048576K
GC Heap History (10 events):
Event: 9.305 GC heap before
{Heap before GC invocations=15 (full 3):
 PSYoungGen      total 179200K, used 163840K [0x00000000d5580000, 0x00000000e4c00000, 0x0000000100000000)
  eden space 163840K, 100% used [0x00000000d5580000,0x00000000df580000,0x00000000df580000)
  from space 15360K, 0% used [0x00000000df580000,0x00000000df580000,0x00000000e0480000)
  to   space 20480K, 0% used [0x00000000e3800000,0x00000000e3800000,0x00000000e4c00000)
 ParOldGen       total 122368K, used 36109K [0x0000000080000000, 0x0000000087780000, 0x00000000d5580000)
  object space 122368K, 29% used [0x0000000080000000,0x00000000823434f0,0x0000000087780000)
 Metaspace       used 62246K, capacity 65596K, committed 65704K, reserved 1105920K
  class space    used 8654K, capacity 9289K, committed 9392K, reserved 1048576K
Event: 9.318 GC heap after
Heap after GC invocations=15 (full 3):
 PSYoungGen      total 212480K, used 13992K [0x00000000d5580000, 0x00000000e4600000, 0x0000000100000000)
  eden space 198144K, 0% used [0x00000000d5580000,0x00000000d5580000,0x00000000e1700000)
  from space 14336K, 97% used [0x00000000e3800000,0x00000000e45aa360,0x00000000e4600000)
  to   space 21504K, 0% used [0x00000000e1c00000,0x00000000e1c00000,0x00000000e3100000)
 ParOldGen       total 122368K, used 36117K [0x0000000080000000, 0x0000000087780000, 0x00000000d5580000)
  object space 122368K, 29% used [0x0000000080000000,0x00000000823454f0,0x0000000087780000)
 Metaspace       used 62246K, capacity 65596K, committed 65704K, reserved 1105920K
  class space    used 8654K, capacity 9289K, committed 9392K, reserved 1048576K
}
Event: 556.854 GC heap before
{Heap before GC invocations=16 (full 3):
 PSYoungGen      total 212480K, used 212136K [0x00000000d5580000, 0x00000000e4600000, 0x0000000100000000)
  eden space 198144K, 100% used [0x00000000d5580000,0x00000000e1700000,0x00000000e1700000)
  from space 14336K, 97% used [0x00000000e3800000,0x00000000e45aa360,0x00000000e4600000)
  to   space 21504K, 0% used [0x00000000e1c00000,0x00000000e1c00000,0x00000000e3100000)
 ParOldGen       total 122368K, used 36117K [0x0000000080000000, 0x0000000087780000, 0x00000000d5580000)
  object space 122368K, 29% used [0x0000000080000000,0x00000000823454f0,0x0000000087780000)
 Metaspace       used 71553K, capacity 75176K, committed 75432K, reserved 1114112K
  class space    used 9651K, capacity 10347K, committed 10416K, reserved 1048576K
Event: 556.887 GC heap after
Heap after GC invocations=16 (full 3):
 PSYoungGen      total 224768K, used 21492K [0x00000000d5580000, 0x00000000e7080000, 0x0000000100000000)
  eden space 203264K, 0% used [0x00000000d5580000,0x00000000d5580000,0x00000000e1c00000)
  from space 21504K, 99% used [0x00000000e1c00000,0x00000000e30fd050,0x00000000e3100000)
  to   space 28672K, 0% used [0x00000000e5480000,0x00000000e5480000,0x00000000e7080000)
 ParOldGen       total 122368K, used 47352K [0x0000000080000000, 0x0000000087780000, 0x00000000d5580000)
  object space 122368K, 38% used [0x0000000080000000,0x0000000082e3e150,0x0000000087780000)
 Metaspace       used 71553K, capacity 75176K, committed 75432K, reserved 1114112K
  class space    used 9651K, capacity 10347K, committed 10416K, reserved 1048576K
}
Event: 561.078 GC heap before
{Heap before GC invocations=17 (full 3):
 PSYoungGen      total 224768K, used 224756K [0x00000000d5580000, 0x00000000e7080000, 0x0000000100000000)
  eden space 203264K, 100% used [0x00000000d5580000,0x00000000e1c00000,0x00000000e1c00000)
  from space 21504K, 99% used [0x00000000e1c00000,0x00000000e30fd050,0x00000000e3100000)
  to   space 28672K, 0% used [0x00000000e5480000,0x00000000e5480000,0x00000000e7080000)
 ParOldGen       total 122368K, used 47352K [0x0000000080000000, 0x0000000087780000, 0x00000000d5580000)
  object space 122368K, 38% used [0x0000000080000000,0x0000000082e3e150,0x0000000087780000)
 Metaspace       used 86055K, capacity 91094K, committed 91176K, reserved 1128448K
  class space    used 11616K, capacity 12526K, committed 12592K, reserved 1048576K
Event: 561.121 GC heap after
Heap after GC invocations=17 (full 3):
 PSYoungGen      total 259584K, used 20331K [0x00000000d5580000, 0x00000000e7800000, 0x0000000100000000)
  eden space 230912K, 0% used [0x00000000d5580000,0x00000000d5580000,0x00000000e3700000)
  from space 28672K, 70% used [0x00000000e5480000,0x00000000e685afb0,0x00000000e7080000)
  to   space 30208K, 0% used [0x00000000e3700000,0x00000000e3700000,0x00000000e5480000)
 ParOldGen       total 122368K, used 67655K [0x0000000080000000, 0x0000000087780000, 0x00000000d5580000)
  object space 122368K, 55% used [0x0000000080000000,0x0000000084211d40,0x0000000087780000)
 Metaspace       used 86055K, capacity 91094K, committed 91176K, reserved 1128448K
  class space    used 11616K, capacity 12526K, committed 12592K, reserved 1048576K
}
Event: 1040.628 GC heap before
{Heap before GC invocations=18 (full 3):
 PSYoungGen      total 259584K, used 251243K [0x00000000d5580000, 0x00000000e7800000, 0x0000000100000000)
  eden space 230912K, 100% used [0x00000000d5580000,0x00000000e3700000,0x00000000e3700000)
  from space 28672K, 70% used [0x00000000e5480000,0x00000000e685afb0,0x00000000e7080000)
  to   space 30208K, 0% used [0x00000000e3700000,0x00000000e3700000,0x00000000e5480000)
 ParOldGen       total 122368K, used 67655K [0x0000000080000000, 0x0000000087780000, 0x00000000d5580000)
  object space 122368K, 55% used [0x0000000080000000,0x0000000084211d40,0x0000000087780000)
 Metaspace       used 89726K, capacity 95318K, committed 95528K, reserved 1132544K
  class space    used 12110K, capacity 13084K, committed 13104K, reserved 1048576K
Event: 1040.651 GC heap after
Heap after GC invocations=18 (full 3):
 PSYoungGen      total 246784K, used 23866K [0x00000000d5580000, 0x00000000e6e00000, 0x0000000100000000)
  eden space 222720K, 0% used [0x00000000d5580000,0x00000000d5580000,0x00000000e2f00000)
  from space 24064K, 99% used [0x00000000e3700000,0x00000000e4e4ea00,0x00000000e4e80000)
  to   space 32256K, 0% used [0x00000000e4e80000,0x00000000e4e80000,0x00000000e6e00000)
 ParOldGen       total 122368K, used 67663K [0x0000000080000000, 0x0000000087780000, 0x00000000d5580000)
  object space 122368K, 55% used [0x0000000080000000,0x0000000084213d40,0x0000000087780000)
 Metaspace       used 89726K, capacity 95318K, committed 95528K, reserved 1132544K
  class space    used 12110K, capacity 13084K, committed 13104K, reserved 1048576K
}
Event: 1043.860 GC heap before
{Heap before GC invocations=19 (full 3):
 PSYoungGen      total 246784K, used 246586K [0x00000000d5580000, 0x00000000e6e00000, 0x0000000100000000)
  eden space 222720K, 100% used [0x00000000d5580000,0x00000000e2f00000,0x00000000e2f00000)
  from space 24064K, 99% used [0x00000000e3700000,0x00000000e4e4ea00,0x00000000e4e80000)
  to   space 32256K, 0% used [0x00000000e4e80000,0x00000000e4e80000,0x00000000e6e00000)
 ParOldGen       total 122368K, used 67663K [0x0000000080000000, 0x0000000087780000, 0x00000000d5580000)
  object space 122368K, 55% used [0x0000000080000000,0x0000000084213d40,0x0000000087780000)
 Metaspace       used 90891K, capacity 96686K, committed 96936K, reserved 1132544K
  class space    used 12177K, capacity 13220K, committed 13232K, reserved 1048576K
Event: 1043.947 GC heap after
Heap after GC invocations=19 (full 3):
 PSYoungGen      total 244736K, used 32251K [0x00000000d5580000, 0x00000000ea900000, 0x0000000100000000)
  eden space 212480K, 0% used [0x00000000d5580000,0x00000000d5580000,0x00000000e2500000)
  from space 32256K, 99% used [0x00000000e4e80000,0x00000000e6dfec00,0x00000000e6e00000)
  to   space 42496K, 0% used [0x00000000e2500000,0x00000000e2500000,0x00000000e4e80000)
 ParOldGen       total 122368K, used 81273K [0x0000000080000000, 0x0000000087780000, 0x00000000d5580000)
  object space 122368K, 66% used [0x0000000080000000,0x0000000084f5e4e0,0x0000000087780000)
 Metaspace       used 90891K, capacity 96686K, committed 96936K, reserved 1132544K
  class space    used 12177K, capacity 13220K, committed 13232K, reserved 1048576K
}

