# JRE version: OpenJDK Runtime Environment (8.0_242-b01) (build 1.8.0_242-release-1644-b01)
# Java VM: OpenJDK 64-Bit Server VM (25.242-b01 mixed mode windows-amd64 compressed oops)
Heap:
 PSYoungGen      total 177664K, used 12443K [0x00000000d5580000, 0x00000000e4580000, 0x0000000100000000)
  eden space 162304K, 7% used [0x00000000d5580000,0x00000000d61a6df0,0x00000000df400000)
  from space 15360K, 0% used [0x00000000df400000,0x00000000df400000,0x00000000e0300000)
  to   space 20480K, 0% used [0x00000000e3180000,0x00000000e3180000,0x00000000e4580000)
 ParOldGen       total 125440K, used 36016K [0x0000000080000000, 0x0000000087a80000, 0x00000000d5580000)
  object space 125440K, 28% used [0x0000000080000000,0x000000008232c220,0x0000000087a80000)
 Metaspace       used 57273K, capacity 59378K, committed 59608K, reserved 1099776K
  class space    used 7890K, capacity 8352K, committed 8448K, reserved 1048576K
GC Heap History (10 events):
Event: 5.871 GC heap before
{Heap before GC invocations=10 (full 1):
 PSYoungGen      total 122880K, used 120636K [0x00000000d5580000, 0x00000000de680000, 0x0000000100000000)
  eden space 114688K, 98% used [0x00000000d5580000,0x00000000dc376e48,0x00000000dc580000)
  from space 8192K, 98% used [0x00000000dde80000,0x00000000de6581d8,0x00000000de680000)
  to   space 11264K, 0% used [0x00000000dd080000,0x00000000dd080000,0x00000000ddb80000)
 ParOldGen       total 51200K, used 7446K [0x0000000080000000, 0x0000000083200000, 0x00000000d5580000)
  object space 51200K, 14% used [0x0000000080000000,0x0000000080745908,0x0000000083200000)
 Metaspace       used 34483K, capacity 35394K, committed 35416K, reserved 1079296K
  class space    used 4730K, capacity 4972K, committed 4992K, reserved 1048576K
Event: 5.903 GC heap after
Heap after GC invocations=10 (full 1):
 PSYoungGen      total 137216K, used 11257K [0x00000000d5580000, 0x00000000e1200000, 0x0000000100000000)
  eden space 125952K, 0% used [0x00000000d5580000,0x00000000d5580000,0x00000000dd080000)
  from space 11264K, 99% used [0x00000000dd080000,0x00000000ddb7e400,0x00000000ddb80000)
  to   space 12800K, 0% used [0x00000000e0580000,0x00000000e0580000,0x00000000e1200000)
 ParOldGen       total 51200K, used 7720K [0x0000000080000000, 0x0000000083200000, 0x00000000d5580000)
  object space 51200K, 15% used [0x0000000080000000,0x000000008078a390,0x0000000083200000)
 Metaspace       used 34483K, capacity 35394K, committed 35416K, reserved 1079296K
  class space    used 4730K, capacity 4972K, committed 4992K, reserved 1048576K
}
Event: 5.903 GC heap before
{Heap before GC invocations=11 (full 2):
 PSYoungGen      total 137216K, used 11257K [0x00000000d5580000, 0x00000000e1200000, 0x0000000100000000)
  eden space 125952K, 0% used [0x00000000d5580000,0x00000000d5580000,0x00000000dd080000)
  from space 11264K, 99% used [0x00000000dd080000,0x00000000ddb7e400,0x00000000ddb80000)
  to   space 12800K, 0% used [0x00000000e0580000,0x00000000e0580000,0x00000000e1200000)
 ParOldGen       total 51200K, used 7720K [0x0000000080000000, 0x0000000083200000, 0x00000000d5580000)
  object space 51200K, 15% used [0x0000000080000000,0x000000008078a390,0x0000000083200000)
 Metaspace       used 34483K, capacity 35394K, committed 35416K, reserved 1079296K
  class space    used 4730K, capacity 4972K, committed 4992K, reserved 1048576K
Event: 6.004 GC heap after
Heap after GC invocations=11 (full 2):
 PSYoungGen      total 137216K, used 0K [0x00000000d5580000, 0x00000000e1200000, 0x0000000100000000)
  eden space 125952K, 0% used [0x00000000d5580000,0x00000000d5580000,0x00000000dd080000)
  from space 11264K, 0% used [0x00000000dd080000,0x00000000dd080000,0x00000000ddb80000)
  to   space 12800K, 0% used [0x00000000e0580000,0x00000000e0580000,0x00000000e1200000)
 ParOldGen       total 81408K, used 18185K [0x0000000080000000, 0x0000000084f80000, 0x00000000d5580000)
  object space 81408K, 22% used [0x0000000080000000,0x00000000811c27d0,0x0000000084f80000)
 Metaspace       used 34483K, capacity 35394K, committed 35416K, reserved 1079296K
  class space    used 4730K, capacity 4972K, committed 4992K, reserved 1048576K
}
Event: 7.992 GC heap before
{Heap before GC invocations=12 (full 2):
 PSYoungGen      total 137216K, used 125952K [0x00000000d5580000, 0x00000000e1200000, 0x0000000100000000)
  eden space 125952K, 100% used [0x00000000d5580000,0x00000000dd080000,0x00000000dd080000)
  from space 11264K, 0% used [0x00000000dd080000,0x00000000dd080000,0x00000000ddb80000)
  to   space 12800K, 0% used [0x00000000e0580000,0x00000000e0580000,0x00000000e1200000)
 ParOldGen       total 81408K, used 18185K [0x0000000080000000, 0x0000000084f80000, 0x00000000d5580000)
  object space 81408K, 22% used [0x0000000080000000,0x00000000811c27d0,0x0000000084f80000)
 Metaspace       used 44968K, capacity 46448K, committed 46680K, reserved 1089536K
  class space    used 6091K, capacity 6456K, committed 6528K, reserved 1048576K
Event: 8.012 GC heap after
Heap after GC invocations=12 (full 2):
 PSYoungGen      total 174080K, used 12777K [0x00000000d5580000, 0x00000000e1200000, 0x0000000100000000)
  eden space 161280K, 0% used [0x00000000d5580000,0x00000000d5580000,0x00000000df300000)
  from space 12800K, 99% used [0x00000000e0580000,0x00000000e11fa730,0x00000000e1200000)
  to   space 15360K, 0% used [0x00000000df400000,0x00000000df400000,0x00000000e0300000)
 ParOldGen       total 81408K, used 20485K [0x0000000080000000, 0x0000000084f80000, 0x00000000d5580000)
  object space 81408K, 25% used [0x0000000080000000,0x00000000814015f0,0x0000000084f80000)
 Metaspace       used 44968K, capacity 46448K, committed 46680K, reserved 1089536K
  class space    used 6091K, capacity 6456K, committed 6528K, reserved 1048576K
}
Event: 9.931 GC heap before
{Heap before GC invocations=13 (full 2):
 PSYoungGen      total 174080K, used 150326K [0x00000000d5580000, 0x00000000e1200000, 0x0000000100000000)
  eden space 161280K, 85% used [0x00000000d5580000,0x00000000ddbd3288,0x00000000df300000)
  from space 12800K, 99% used [0x00000000e0580000,0x00000000e11fa730,0x00000000e1200000)
  to   space 15360K, 0% used [0x00000000df400000,0x00000000df400000,0x00000000e0300000)
 ParOldGen       total 81408K, used 20485K [0x0000000080000000, 0x0000000084f80000, 0x00000000d5580000)
  object space 81408K, 25% used [0x0000000080000000,0x00000000814015f0,0x0000000084f80000)
 Metaspace       used 56853K, capacity 58864K, committed 58968K, reserved 1099776K
  class space    used 7797K, capacity 8279K, committed 8320K, reserved 1048576K
Event: 9.968 GC heap after
Heap after GC invocations=13 (full 2):
 PSYoungGen      total 177664K, used 15328K [0x00000000d5580000, 0x00000000e4580000, 0x0000000100000000)
  eden space 162304K, 0% used [0x00000000d5580000,0x00000000d5580000,0x00000000df400000)
  from space 15360K, 99% used [0x00000000df400000,0x00000000e02f8080,0x00000000e0300000)
  to   space 20480K, 0% used [0x00000000e3180000,0x00000000e3180000,0x00000000e4580000)
 ParOldGen       total 81408K, used 29256K [0x0000000080000000, 0x0000000084f80000, 0x00000000d5580000)
  object space 81408K, 35% used [0x0000000080000000,0x0000000081c921f8,0x0000000084f80000)
 Metaspace       used 56853K, capacity 58864K, committed 58968K, reserved 1099776K
  class space    used 7797K, capacity 8279K, committed 8320K, reserved 1048576K
}
Event: 9.969 GC heap before
{Heap before GC invocations=14 (full 3):
 PSYoungGen      total 177664K, used 15328K [0x00000000d5580000, 0x00000000e4580000, 0x0000000100000000)
  eden space 162304K, 0% used [0x00000000d5580000,0x00000000d5580000,0x00000000df400000)
  from space 15360K, 99% used [0x00000000df400000,0x00000000e02f8080,0x00000000e0300000)
  to   space 20480K, 0% used [0x00000000e3180000,0x00000000e3180000,0x00000000e4580000)
 ParOldGen       total 81408K, used 29256K [0x0000000080000000, 0x0000000084f80000, 0x00000000d5580000)
  object space 81408K, 35% used [0x0000000080000000,0x0000000081c921f8,0x0000000084f80000)
 Metaspace       used 56853K, capacity 58864K, committed 58968K, reserved 1099776K
  class space    used 7797K, capacity 8279K, committed 8320K, reserved 1048576K
Event: 10.283 GC heap after
Heap after GC invocations=14 (full 3):
 PSYoungGen      total 177664K, used 0K [0x00000000d5580000, 0x00000000e4580000, 0x0000000100000000)
  eden space 162304K, 0% used [0x00000000d5580000,0x00000000d5580000,0x00000000df400000)
  from space 15360K, 0% used [0x00000000df400000,0x00000000df400000,0x00000000e0300000)
  to   space 20480K, 0% used [0x00000000e3180000,0x00000000e3180000,0x00000000e4580000)
 ParOldGen       total 125440K, used 36016K [0x0000000080000000, 0x0000000087a80000, 0x00000000d5580000)
  object space 125440K, 28% used [0x0000000080000000,0x000000008232c220,0x0000000087a80000)
 Metaspace       used 56839K, capacity 58816K, committed 58968K, reserved 1099776K
  class space    used 7793K, capacity 8271K, committed 8320K, reserved 1048576K
}

